[0.572s] Invoking command in '/home/jhsrobo/corews/src/motion_control': PYTHONPATH=/home/jhsrobo/corews/build/motion_control/prefix_override:/home/jhsrobo/corews/install/motion_control/lib/python3.10/site-packages:${PYTHONPATH} /usr/bin/python3 setup.py egg_info --egg-base ../../build/motion_control build --build-base /home/jhsrobo/corews/build/motion_control/build install --record /home/jhsrobo/corews/build/motion_control/install.log --single-version-externally-managed
[0.746s] running egg_info
[0.746s] writing ../../build/motion_control/motion_control.egg-info/PKG-INFO
[0.746s] writing dependency_links to ../../build/motion_control/motion_control.egg-info/dependency_links.txt
[0.747s] writing entry points to ../../build/motion_control/motion_control.egg-info/entry_points.txt
[0.747s] writing requirements to ../../build/motion_control/motion_control.egg-info/requires.txt
[0.747s] writing top-level names to ../../build/motion_control/motion_control.egg-info/top_level.txt
[0.749s] reading manifest file '../../build/motion_control/motion_control.egg-info/SOURCES.txt'
[0.749s] adding license file 'LICENSE'
[0.749s] writing manifest file '../../build/motion_control/motion_control.egg-info/SOURCES.txt'
[0.750s] running build
[0.750s] running build_py
[0.750s] copying motion_control/motion_control.py -> /home/jhsrobo/corews/build/motion_control/build/lib/motion_control
[0.751s] running install
[0.751s] running install_lib
[0.752s] copying /home/jhsrobo/corews/build/motion_control/build/lib/motion_control/motion_control.py -> /home/jhsrobo/corews/install/motion_control/lib/python3.10/site-packages/motion_control
[0.752s] byte-compiling /home/jhsrobo/corews/install/motion_control/lib/python3.10/site-packages/motion_control/motion_control.py to motion_control.cpython-310.pyc
[0.752s] running install_data
[0.753s] running install_egg_info
[0.754s] removing '/home/jhsrobo/corews/install/motion_control/lib/python3.10/site-packages/motion_control-0.0.0-py3.10.egg-info' (and everything under it)
[0.754s] Copying ../../build/motion_control/motion_control.egg-info to /home/jhsrobo/corews/install/motion_control/lib/python3.10/site-packages/motion_control-0.0.0-py3.10.egg-info
[0.755s] running install_scripts
[0.771s] Installing motion_control script to /home/jhsrobo/corews/install/motion_control/lib/motion_control
[0.772s] writing list of installed files to '/home/jhsrobo/corews/build/motion_control/install.log'
[0.801s] Invoked command in '/home/jhsrobo/corews/src/motion_control' returned '0': PYTHONPATH=/home/jhsrobo/corews/build/motion_control/prefix_override:/home/jhsrobo/corews/install/motion_control/lib/python3.10/site-packages:${PYTHONPATH} /usr/bin/python3 setup.py egg_info --egg-base ../../build/motion_control build --build-base /home/jhsrobo/corews/build/motion_control/build install --record /home/jhsrobo/corews/build/motion_control/install.log --single-version-externally-managed
