[0.483s] Invoking command in '/home/jhsrobo/corews/src/motion_control': PYTHONPATH=/home/jhsrobo/corews/build/motion_control/prefix_override:/home/jhsrobo/corews/install/motion_control/lib/python3.10/site-packages:${PYTHONPATH} /usr/bin/python3 setup.py egg_info --egg-base ../../build/motion_control build --build-base /home/jhsrobo/corews/build/motion_control/build install --record /home/jhsrobo/corews/build/motion_control/install.log --single-version-externally-managed
[0.648s] running egg_info
[0.648s] writing ../../build/motion_control/motion_control.egg-info/PKG-INFO
[0.649s] writing dependency_links to ../../build/motion_control/motion_control.egg-info/dependency_links.txt
[0.649s] writing entry points to ../../build/motion_control/motion_control.egg-info/entry_points.txt
[0.649s] writing requirements to ../../build/motion_control/motion_control.egg-info/requires.txt
[0.650s] writing top-level names to ../../build/motion_control/motion_control.egg-info/top_level.txt
[0.651s] reading manifest file '../../build/motion_control/motion_control.egg-info/SOURCES.txt'
[0.652s] adding license file 'LICENSE'
[0.652s] writing manifest file '../../build/motion_control/motion_control.egg-info/SOURCES.txt'
[0.653s] running build
[0.653s] running build_py
[0.653s] copying motion_control/motion_control.py -> /home/jhsrobo/corews/build/motion_control/build/lib/motion_control
[0.654s] running install
[0.654s] running install_lib
[0.655s] copying /home/jhsrobo/corews/build/motion_control/build/lib/motion_control/motion_control.py -> /home/jhsrobo/corews/install/motion_control/lib/python3.10/site-packages/motion_control
[0.656s] byte-compiling /home/jhsrobo/corews/install/motion_control/lib/python3.10/site-packages/motion_control/motion_control.py to motion_control.cpython-310.pyc
[0.657s] running install_data
[0.657s] running install_egg_info
[0.658s] removing '/home/jhsrobo/corews/install/motion_control/lib/python3.10/site-packages/motion_control-0.0.0-py3.10.egg-info' (and everything under it)
[0.660s] Copying ../../build/motion_control/motion_control.egg-info to /home/jhsrobo/corews/install/motion_control/lib/python3.10/site-packages/motion_control-0.0.0-py3.10.egg-info
[0.664s] running install_scripts
[0.677s] Installing motion_control script to /home/jhsrobo/corews/install/motion_control/lib/motion_control
[0.678s] writing list of installed files to '/home/jhsrobo/corews/build/motion_control/install.log'
[0.707s] Invoked command in '/home/jhsrobo/corews/src/motion_control' returned '0': PYTHONPATH=/home/jhsrobo/corews/build/motion_control/prefix_override:/home/jhsrobo/corews/install/motion_control/lib/python3.10/site-packages:${PYTHONPATH} /usr/bin/python3 setup.py egg_info --egg-base ../../build/motion_control build --build-base /home/jhsrobo/corews/build/motion_control/build install --record /home/jhsrobo/corews/build/motion_control/install.log --single-version-externally-managed
