[0.009s] Invoking command in '/home/jhsrobo/corews/build/core': CMAKE_PREFIX_PATH=${CMAKE_PREFIX_PATH}:/home/jhsrobo/corews/install/motion_control:/opt/ros/humble /usr/bin/cmake --build /home/jhsrobo/corews/build/core -- -j2 -l2
[0.057s] [  3%] Built target core__cpp
[0.062s] [ 12%] Built target core__rosidl_generator_c
[0.074s] [ 22%] Built target core__rosidl_typesupport_cpp
[0.080s] [ 22%] Built target ament_cmake_python_copy_core
[0.086s] [ 32%] Built target core__rosidl_typesupport_fastrtps_c
[0.093s] [ 41%] Built target core__rosidl_typesupport_fastrtps_cpp
[0.099s] [ 51%] Built target core__rosidl_typesupport_introspection_c
[0.105s] [ 61%] Built target core__rosidl_typesupport_c
[0.116s] [ 70%] Built target core__rosidl_typesupport_introspection_cpp
[0.145s] [ 70%] Built target core
[0.157s] [ 74%] Built target core__py
[0.189s] [ 80%] Built target core__rosidl_generator_py
[0.201s] [ 87%] Built target core__rosidl_typesupport_fastrtps_c__pyext
[0.214s] [ 93%] Built target core__rosidl_typesupport_introspection_c__pyext
[0.226s] [100%] Built target core__rosidl_typesupport_c__pyext
[0.290s] running egg_info
[0.291s] writing core.egg-info/PKG-INFO
[0.291s] writing dependency_links to core.egg-info/dependency_links.txt
[0.291s] writing top-level names to core.egg-info/top_level.txt
[0.292s] reading manifest file 'core.egg-info/SOURCES.txt'
[0.293s] writing manifest file 'core.egg-info/SOURCES.txt'
[0.309s] [100%] Built target ament_cmake_python_build_core_egg
[0.317s] Invoked command in '/home/jhsrobo/corews/build/core' returned '0': CMAKE_PREFIX_PATH=${CMAKE_PREFIX_PATH}:/home/jhsrobo/corews/install/motion_control:/opt/ros/humble /usr/bin/cmake --build /home/jhsrobo/corews/build/core -- -j2 -l2
[0.364s] Invoking command in '/home/jhsrobo/corews/build/core': CMAKE_PREFIX_PATH=${CMAKE_PREFIX_PATH}:/home/jhsrobo/corews/install/motion_control:/opt/ros/humble /usr/bin/cmake --install /home/jhsrobo/corews/build/core
[0.369s] -- Install configuration: ""
[0.369s] -- Up-to-date: /home/jhsrobo/corews/install/core/share/core//launch
[0.369s] -- Up-to-date: /home/jhsrobo/corews/install/core/share/core//launch/opside.yaml
[0.369s] -- Up-to-date: /home/jhsrobo/corews/install/core/share/core//launch/topside.yaml
[0.370s] -- Up-to-date: /home/jhsrobo/corews/install/core/share/core//launch/bottomside.yaml
[0.370s] -- Up-to-date: /home/jhsrobo/corews/install/core/share/ament_index/resource_index/rosidl_interfaces/core
[0.370s] -- Up-to-date: /home/jhsrobo/corews/install/core/include/core/core
[0.370s] -- Up-to-date: /home/jhsrobo/corews/install/core/include/core/core/msg
[0.370s] -- Up-to-date: /home/jhsrobo/corews/install/core/include/core/core/msg/rosidl_generator_c__visibility_control.h
[0.371s] -- Up-to-date: /home/jhsrobo/corews/install/core/include/core/core/msg/float32_arr.h
[0.371s] -- Up-to-date: /home/jhsrobo/corews/install/core/include/core/core/msg/detail
[0.371s] -- Up-to-date: /home/jhsrobo/corews/install/core/include/core/core/msg/detail/float32_arr__struct.h
[0.371s] -- Up-to-date: /home/jhsrobo/corews/install/core/include/core/core/msg/detail/float32_arr__functions.c
[0.372s] -- Up-to-date: /home/jhsrobo/corews/install/core/include/core/core/msg/detail/float32_arr__type_support.h
[0.372s] -- Up-to-date: /home/jhsrobo/corews/install/core/include/core/core/msg/detail/float32_arr__functions.h
[0.372s] -- Up-to-date: /home/jhsrobo/corews/install/core/share/core/environment/library_path.sh
[0.372s] -- Up-to-date: /home/jhsrobo/corews/install/core/share/core/environment/library_path.dsv
[0.373s] -- Up-to-date: /home/jhsrobo/corews/install/core/lib/libcore__rosidl_generator_c.so
[0.373s] -- Up-to-date: /home/jhsrobo/corews/install/core/include/core/core
[0.373s] -- Up-to-date: /home/jhsrobo/corews/install/core/include/core/core/msg
[0.373s] -- Up-to-date: /home/jhsrobo/corews/install/core/include/core/core/msg/detail
[0.374s] -- Up-to-date: /home/jhsrobo/corews/install/core/include/core/core/msg/detail/float32_arr__rosidl_typesupport_fastrtps_c.h
[0.374s] -- Up-to-date: /home/jhsrobo/corews/install/core/include/core/core/msg/rosidl_typesupport_fastrtps_c__visibility_control.h
[0.374s] -- Up-to-date: /home/jhsrobo/corews/install/core/lib/libcore__rosidl_typesupport_fastrtps_c.so
[0.375s] -- Up-to-date: /home/jhsrobo/corews/install/core/include/core/core
[0.375s] -- Up-to-date: /home/jhsrobo/corews/install/core/include/core/core/msg
[0.375s] -- Up-to-date: /home/jhsrobo/corews/install/core/include/core/core/msg/float32_arr.hpp
[0.375s] -- Up-to-date: /home/jhsrobo/corews/install/core/include/core/core/msg/detail
[0.376s] -- Up-to-date: /home/jhsrobo/corews/install/core/include/core/core/msg/detail/float32_arr__traits.hpp
[0.376s] -- Up-to-date: /home/jhsrobo/corews/install/core/include/core/core/msg/detail/float32_arr__struct.hpp
[0.376s] -- Up-to-date: /home/jhsrobo/corews/install/core/include/core/core/msg/detail/float32_arr__builder.hpp
[0.376s] -- Up-to-date: /home/jhsrobo/corews/install/core/include/core/core
[0.377s] -- Up-to-date: /home/jhsrobo/corews/install/core/include/core/core/msg
[0.377s] -- Up-to-date: /home/jhsrobo/corews/install/core/include/core/core/msg/rosidl_typesupport_fastrtps_cpp__visibility_control.h
[0.377s] -- Up-to-date: /home/jhsrobo/corews/install/core/include/core/core/msg/detail
[0.377s] -- Up-to-date: /home/jhsrobo/corews/install/core/include/core/core/msg/detail/dds_fastrtps
[0.378s] -- Up-to-date: /home/jhsrobo/corews/install/core/include/core/core/msg/detail/float32_arr__rosidl_typesupport_fastrtps_cpp.hpp
[0.378s] -- Up-to-date: /home/jhsrobo/corews/install/core/lib/libcore__rosidl_typesupport_fastrtps_cpp.so
[0.378s] -- Up-to-date: /home/jhsrobo/corews/install/core/include/core/core
[0.378s] -- Up-to-date: /home/jhsrobo/corews/install/core/include/core/core/msg
[0.379s] -- Up-to-date: /home/jhsrobo/corews/install/core/include/core/core/msg/detail
[0.379s] -- Up-to-date: /home/jhsrobo/corews/install/core/include/core/core/msg/detail/float32_arr__type_support.c
[0.379s] -- Up-to-date: /home/jhsrobo/corews/install/core/include/core/core/msg/detail/float32_arr__rosidl_typesupport_introspection_c.h
[0.379s] -- Up-to-date: /home/jhsrobo/corews/install/core/include/core/core/msg/rosidl_typesupport_introspection_c__visibility_control.h
[0.380s] -- Up-to-date: /home/jhsrobo/corews/install/core/lib/libcore__rosidl_typesupport_introspection_c.so
[0.381s] -- Up-to-date: /home/jhsrobo/corews/install/core/lib/libcore__rosidl_typesupport_c.so
[0.381s] -- Up-to-date: /home/jhsrobo/corews/install/core/include/core/core
[0.381s] -- Up-to-date: /home/jhsrobo/corews/install/core/include/core/core/msg
[0.381s] -- Up-to-date: /home/jhsrobo/corews/install/core/include/core/core/msg/detail
[0.382s] -- Up-to-date: /home/jhsrobo/corews/install/core/include/core/core/msg/detail/float32_arr__type_support.cpp
[0.382s] -- Up-to-date: /home/jhsrobo/corews/install/core/include/core/core/msg/detail/float32_arr__rosidl_typesupport_introspection_cpp.hpp
[0.382s] -- Up-to-date: /home/jhsrobo/corews/install/core/lib/libcore__rosidl_typesupport_introspection_cpp.so
[0.383s] -- Up-to-date: /home/jhsrobo/corews/install/core/lib/libcore__rosidl_typesupport_cpp.so
[0.383s] -- Up-to-date: /home/jhsrobo/corews/install/core/share/core/environment/pythonpath.sh
[0.383s] -- Up-to-date: /home/jhsrobo/corews/install/core/share/core/environment/pythonpath.dsv
[0.383s] -- Up-to-date: /home/jhsrobo/corews/install/core/local/lib/python3.10/dist-packages/core-0.0.0-py3.10.egg-info
[0.384s] -- Installing: /home/jhsrobo/corews/install/core/local/lib/python3.10/dist-packages/core-0.0.0-py3.10.egg-info/top_level.txt
[0.384s] -- Installing: /home/jhsrobo/corews/install/core/local/lib/python3.10/dist-packages/core-0.0.0-py3.10.egg-info/PKG-INFO
[0.385s] -- Installing: /home/jhsrobo/corews/install/core/local/lib/python3.10/dist-packages/core-0.0.0-py3.10.egg-info/SOURCES.txt
[0.385s] -- Installing: /home/jhsrobo/corews/install/core/local/lib/python3.10/dist-packages/core-0.0.0-py3.10.egg-info/dependency_links.txt
[0.385s] -- Up-to-date: /home/jhsrobo/corews/install/core/local/lib/python3.10/dist-packages/core
[0.385s] -- Up-to-date: /home/jhsrobo/corews/install/core/local/lib/python3.10/dist-packages/core/core_s__rosidl_typesupport_fastrtps_c.cpython-310-x86_64-linux-gnu.so
[0.385s] -- Up-to-date: /home/jhsrobo/corews/install/core/local/lib/python3.10/dist-packages/core/core_s__rosidl_typesupport_c.cpython-310-x86_64-linux-gnu.so
[0.385s] -- Up-to-date: /home/jhsrobo/corews/install/core/local/lib/python3.10/dist-packages/core/core_s__rosidl_typesupport_introspection_c.cpython-310-x86_64-linux-gnu.so
[0.386s] -- Up-to-date: /home/jhsrobo/corews/install/core/local/lib/python3.10/dist-packages/core/msg
[0.386s] -- Up-to-date: /home/jhsrobo/corews/install/core/local/lib/python3.10/dist-packages/core/msg/__init__.py
[0.386s] -- Up-to-date: /home/jhsrobo/corews/install/core/local/lib/python3.10/dist-packages/core/msg/_float32_arr.py
[0.386s] -- Up-to-date: /home/jhsrobo/corews/install/core/local/lib/python3.10/dist-packages/core/msg/_float32_arr_s.c
[0.386s] -- Up-to-date: /home/jhsrobo/corews/install/core/local/lib/python3.10/dist-packages/core/libcore__rosidl_generator_py.so
[0.386s] -- Up-to-date: /home/jhsrobo/corews/install/core/local/lib/python3.10/dist-packages/core/__init__.py
[0.386s] -- Up-to-date: /home/jhsrobo/corews/install/core/local/lib/python3.10/dist-packages/core/_core_s.ep.rosidl_typesupport_introspection_c.c
[0.386s] -- Up-to-date: /home/jhsrobo/corews/install/core/local/lib/python3.10/dist-packages/core/_core_s.ep.rosidl_typesupport_fastrtps_c.c
[0.386s] -- Up-to-date: /home/jhsrobo/corews/install/core/local/lib/python3.10/dist-packages/core/_core_s.ep.rosidl_typesupport_c.c
[0.405s] Listing '/home/jhsrobo/corews/install/core/local/lib/python3.10/dist-packages/core'...
[0.405s] Listing '/home/jhsrobo/corews/install/core/local/lib/python3.10/dist-packages/core/msg'...
[0.408s] -- Up-to-date: /home/jhsrobo/corews/install/core/local/lib/python3.10/dist-packages/core/core_s__rosidl_typesupport_fastrtps_c.cpython-310-x86_64-linux-gnu.so
[0.408s] -- Up-to-date: /home/jhsrobo/corews/install/core/local/lib/python3.10/dist-packages/core/core_s__rosidl_typesupport_introspection_c.cpython-310-x86_64-linux-gnu.so
[0.408s] -- Up-to-date: /home/jhsrobo/corews/install/core/local/lib/python3.10/dist-packages/core/core_s__rosidl_typesupport_c.cpython-310-x86_64-linux-gnu.so
[0.409s] -- Up-to-date: /home/jhsrobo/corews/install/core/lib/libcore__rosidl_generator_py.so
[0.409s] -- Up-to-date: /home/jhsrobo/corews/install/core/share/core/msg/Float32Arr.idl
[0.409s] -- Up-to-date: /home/jhsrobo/corews/install/core/share/core/msg/Float32Arr.msg
[0.409s] -- Up-to-date: /home/jhsrobo/corews/install/core/share/ament_index/resource_index/package_run_dependencies/core
[0.409s] -- Up-to-date: /home/jhsrobo/corews/install/core/share/ament_index/resource_index/parent_prefix_path/core
[0.409s] -- Up-to-date: /home/jhsrobo/corews/install/core/share/core/environment/ament_prefix_path.sh
[0.409s] -- Up-to-date: /home/jhsrobo/corews/install/core/share/core/environment/ament_prefix_path.dsv
[0.409s] -- Up-to-date: /home/jhsrobo/corews/install/core/share/core/environment/path.sh
[0.409s] -- Up-to-date: /home/jhsrobo/corews/install/core/share/core/environment/path.dsv
[0.409s] -- Up-to-date: /home/jhsrobo/corews/install/core/share/core/local_setup.bash
[0.410s] -- Up-to-date: /home/jhsrobo/corews/install/core/share/core/local_setup.sh
[0.410s] -- Up-to-date: /home/jhsrobo/corews/install/core/share/core/local_setup.zsh
[0.410s] -- Up-to-date: /home/jhsrobo/corews/install/core/share/core/local_setup.dsv
[0.410s] -- Installing: /home/jhsrobo/corews/install/core/share/core/package.dsv
[0.410s] -- Up-to-date: /home/jhsrobo/corews/install/core/share/ament_index/resource_index/packages/core
[0.410s] -- Up-to-date: /home/jhsrobo/corews/install/core/share/core/cmake/export_core__rosidl_generator_cExport.cmake
[0.410s] -- Up-to-date: /home/jhsrobo/corews/install/core/share/core/cmake/export_core__rosidl_generator_cExport-noconfig.cmake
[0.410s] -- Up-to-date: /home/jhsrobo/corews/install/core/share/core/cmake/export_core__rosidl_typesupport_fastrtps_cExport.cmake
[0.411s] -- Up-to-date: /home/jhsrobo/corews/install/core/share/core/cmake/export_core__rosidl_typesupport_fastrtps_cExport-noconfig.cmake
[0.411s] -- Up-to-date: /home/jhsrobo/corews/install/core/share/core/cmake/export_core__rosidl_generator_cppExport.cmake
[0.411s] -- Up-to-date: /home/jhsrobo/corews/install/core/share/core/cmake/export_core__rosidl_typesupport_fastrtps_cppExport.cmake
[0.411s] -- Up-to-date: /home/jhsrobo/corews/install/core/share/core/cmake/export_core__rosidl_typesupport_fastrtps_cppExport-noconfig.cmake
[0.411s] -- Up-to-date: /home/jhsrobo/corews/install/core/share/core/cmake/core__rosidl_typesupport_introspection_cExport.cmake
[0.411s] -- Up-to-date: /home/jhsrobo/corews/install/core/share/core/cmake/core__rosidl_typesupport_introspection_cExport-noconfig.cmake
[0.411s] -- Up-to-date: /home/jhsrobo/corews/install/core/share/core/cmake/core__rosidl_typesupport_cExport.cmake
[0.411s] -- Up-to-date: /home/jhsrobo/corews/install/core/share/core/cmake/core__rosidl_typesupport_cExport-noconfig.cmake
[0.411s] -- Up-to-date: /home/jhsrobo/corews/install/core/share/core/cmake/core__rosidl_typesupport_introspection_cppExport.cmake
[0.411s] -- Up-to-date: /home/jhsrobo/corews/install/core/share/core/cmake/core__rosidl_typesupport_introspection_cppExport-noconfig.cmake
[0.412s] -- Up-to-date: /home/jhsrobo/corews/install/core/share/core/cmake/core__rosidl_typesupport_cppExport.cmake
[0.412s] -- Up-to-date: /home/jhsrobo/corews/install/core/share/core/cmake/core__rosidl_typesupport_cppExport-noconfig.cmake
[0.412s] -- Up-to-date: /home/jhsrobo/corews/install/core/share/core/cmake/export_core__rosidl_generator_pyExport.cmake
[0.412s] -- Up-to-date: /home/jhsrobo/corews/install/core/share/core/cmake/export_core__rosidl_generator_pyExport-noconfig.cmake
[0.412s] -- Up-to-date: /home/jhsrobo/corews/install/core/share/core/cmake/rosidl_cmake-extras.cmake
[0.412s] -- Up-to-date: /home/jhsrobo/corews/install/core/share/core/cmake/ament_cmake_export_dependencies-extras.cmake
[0.412s] -- Up-to-date: /home/jhsrobo/corews/install/core/share/core/cmake/ament_cmake_export_include_directories-extras.cmake
[0.412s] -- Up-to-date: /home/jhsrobo/corews/install/core/share/core/cmake/ament_cmake_export_libraries-extras.cmake
[0.412s] -- Up-to-date: /home/jhsrobo/corews/install/core/share/core/cmake/ament_cmake_export_targets-extras.cmake
[0.413s] -- Up-to-date: /home/jhsrobo/corews/install/core/share/core/cmake/rosidl_cmake_export_typesupport_targets-extras.cmake
[0.413s] -- Up-to-date: /home/jhsrobo/corews/install/core/share/core/cmake/rosidl_cmake_export_typesupport_libraries-extras.cmake
[0.413s] -- Up-to-date: /home/jhsrobo/corews/install/core/share/core/cmake/coreConfig.cmake
[0.413s] -- Up-to-date: /home/jhsrobo/corews/install/core/share/core/cmake/coreConfig-version.cmake
[0.413s] -- Up-to-date: /home/jhsrobo/corews/install/core/share/core/package.xml
[0.416s] Invoked command in '/home/jhsrobo/corews/build/core' returned '0': CMAKE_PREFIX_PATH=${CMAKE_PREFIX_PATH}:/home/jhsrobo/corews/install/motion_control:/opt/ros/humble /usr/bin/cmake --install /home/jhsrobo/corews/build/core
