[0.198s] DEBUG:colcon:Command line arguments: ['/usr/bin/colcon', 'build']
[0.198s] DEBUG:colcon:Parsed command line arguments: Namespace(log_base=None, log_level=None, verb_name='build', build_base='build', install_base='install', merge_install=False, symlink_install=False, test_result_base=None, continue_on_error=False, executor='parallel', parallel_workers=2, event_handlers=None, ignore_user_meta=False, metas=['./colcon.meta'], base_paths=['.'], packages_ignore=None, packages_ignore_regex=None, paths=None, packages_up_to=None, packages_up_to_regex=None, packages_above=None, packages_above_and_dependencies=None, packages_above_depth=None, packages_select_by_dep=None, packages_skip_by_dep=None, packages_skip_up_to=None, packages_select_build_failed=False, packages_skip_build_finished=False, packages_select_test_failures=False, packages_skip_test_passed=False, packages_select=None, packages_skip=None, packages_select_regex=None, packages_skip_regex=None, packages_start=None, packages_end=None, allow_overriding=[], cmake_args=None, cmake_target=None, cmake_target_skip_unavailable=False, cmake_clean_cache=False, cmake_clean_first=False, cmake_force_configure=False, ament_cmake_args=None, catkin_cmake_args=None, catkin_skip_building_tests=False, verb_parser=<colcon_defaults.argument_parser.defaults.DefaultArgumentsDecorator object at 0x7f1ddb1eccd0>, verb_extension=<colcon_core.verb.build.BuildVerb object at 0x7f1ddb1ec760>, main=<bound method BuildVerb.main of <colcon_core.verb.build.BuildVerb object at 0x7f1ddb1ec760>>)
[0.212s] Level 1:colcon.colcon_core.package_discovery:discover_packages(colcon_meta) check parameters
[0.212s] Level 1:colcon.colcon_core.package_discovery:discover_packages(recursive) check parameters
[0.212s] Level 1:colcon.colcon_core.package_discovery:discover_packages(ignore) check parameters
[0.212s] Level 1:colcon.colcon_core.package_discovery:discover_packages(path) check parameters
[0.212s] Level 1:colcon.colcon_core.package_discovery:discover_packages(colcon_meta) discover
[0.212s] Level 1:colcon.colcon_core.package_discovery:discover_packages(recursive) discover
[0.212s] INFO:colcon.colcon_core.package_discovery:Crawling recursively for packages in '/home/jhsrobo/corews'
[0.212s] Level 1:colcon.colcon_core.package_identification:_identify(.) by extensions ['ignore', 'ignore_ament_install']
[0.212s] Level 1:colcon.colcon_core.package_identification:_identify(.) by extension 'ignore'
[0.212s] Level 1:colcon.colcon_core.package_identification:_identify(.) by extension 'ignore_ament_install'
[0.212s] Level 1:colcon.colcon_core.package_identification:_identify(.) by extensions ['colcon_pkg']
[0.212s] Level 1:colcon.colcon_core.package_identification:_identify(.) by extension 'colcon_pkg'
[0.212s] Level 1:colcon.colcon_core.package_identification:_identify(.) by extensions ['colcon_meta']
[0.212s] Level 1:colcon.colcon_core.package_identification:_identify(.) by extension 'colcon_meta'
[0.212s] Level 1:colcon.colcon_core.package_identification:_identify(.) by extensions ['ros']
[0.212s] Level 1:colcon.colcon_core.package_identification:_identify(.) by extension 'ros'
[0.219s] Level 1:colcon.colcon_core.package_identification:_identify(.) by extensions ['cmake', 'python']
[0.219s] Level 1:colcon.colcon_core.package_identification:_identify(.) by extension 'cmake'
[0.219s] Level 1:colcon.colcon_core.package_identification:_identify(.) by extension 'python'
[0.219s] Level 1:colcon.colcon_core.package_identification:_identify(.) by extensions ['python_setup_py']
[0.219s] Level 1:colcon.colcon_core.package_identification:_identify(.) by extension 'python_setup_py'
[0.219s] Level 1:colcon.colcon_core.package_identification:_identify(build) by extensions ['ignore', 'ignore_ament_install']
[0.219s] Level 1:colcon.colcon_core.package_identification:_identify(build) by extension 'ignore'
[0.219s] Level 1:colcon.colcon_core.package_identification:_identify(build) ignored
[0.219s] Level 1:colcon.colcon_core.package_identification:_identify(install) by extensions ['ignore', 'ignore_ament_install']
[0.219s] Level 1:colcon.colcon_core.package_identification:_identify(install) by extension 'ignore'
[0.219s] Level 1:colcon.colcon_core.package_identification:_identify(install) ignored
[0.219s] Level 1:colcon.colcon_core.package_identification:_identify(log) by extensions ['ignore', 'ignore_ament_install']
[0.219s] Level 1:colcon.colcon_core.package_identification:_identify(log) by extension 'ignore'
[0.219s] Level 1:colcon.colcon_core.package_identification:_identify(log) ignored
[0.219s] Level 1:colcon.colcon_core.package_identification:_identify(scripts) by extensions ['ignore', 'ignore_ament_install']
[0.220s] Level 1:colcon.colcon_core.package_identification:_identify(scripts) by extension 'ignore'
[0.220s] Level 1:colcon.colcon_core.package_identification:_identify(scripts) by extension 'ignore_ament_install'
[0.220s] Level 1:colcon.colcon_core.package_identification:_identify(scripts) by extensions ['colcon_pkg']
[0.220s] Level 1:colcon.colcon_core.package_identification:_identify(scripts) by extension 'colcon_pkg'
[0.220s] Level 1:colcon.colcon_core.package_identification:_identify(scripts) by extensions ['colcon_meta']
[0.220s] Level 1:colcon.colcon_core.package_identification:_identify(scripts) by extension 'colcon_meta'
[0.220s] Level 1:colcon.colcon_core.package_identification:_identify(scripts) by extensions ['ros']
[0.220s] Level 1:colcon.colcon_core.package_identification:_identify(scripts) by extension 'ros'
[0.220s] Level 1:colcon.colcon_core.package_identification:_identify(scripts) by extensions ['cmake', 'python']
[0.220s] Level 1:colcon.colcon_core.package_identification:_identify(scripts) by extension 'cmake'
[0.220s] Level 1:colcon.colcon_core.package_identification:_identify(scripts) by extension 'python'
[0.220s] Level 1:colcon.colcon_core.package_identification:_identify(scripts) by extensions ['python_setup_py']
[0.220s] Level 1:colcon.colcon_core.package_identification:_identify(scripts) by extension 'python_setup_py'
[0.220s] Level 1:colcon.colcon_core.package_identification:_identify(src) by extensions ['ignore', 'ignore_ament_install']
[0.220s] Level 1:colcon.colcon_core.package_identification:_identify(src) by extension 'ignore'
[0.220s] Level 1:colcon.colcon_core.package_identification:_identify(src) by extension 'ignore_ament_install'
[0.220s] Level 1:colcon.colcon_core.package_identification:_identify(src) by extensions ['colcon_pkg']
[0.220s] Level 1:colcon.colcon_core.package_identification:_identify(src) by extension 'colcon_pkg'
[0.220s] Level 1:colcon.colcon_core.package_identification:_identify(src) by extensions ['colcon_meta']
[0.220s] Level 1:colcon.colcon_core.package_identification:_identify(src) by extension 'colcon_meta'
[0.220s] Level 1:colcon.colcon_core.package_identification:_identify(src) by extensions ['ros']
[0.220s] Level 1:colcon.colcon_core.package_identification:_identify(src) by extension 'ros'
[0.220s] Level 1:colcon.colcon_core.package_identification:_identify(src) by extensions ['cmake', 'python']
[0.220s] Level 1:colcon.colcon_core.package_identification:_identify(src) by extension 'cmake'
[0.220s] Level 1:colcon.colcon_core.package_identification:_identify(src) by extension 'python'
[0.220s] Level 1:colcon.colcon_core.package_identification:_identify(src) by extensions ['python_setup_py']
[0.220s] Level 1:colcon.colcon_core.package_identification:_identify(src) by extension 'python_setup_py'
[0.220s] Level 1:colcon.colcon_core.package_identification:_identify(src/core) by extensions ['ignore', 'ignore_ament_install']
[0.220s] Level 1:colcon.colcon_core.package_identification:_identify(src/core) by extension 'ignore'
[0.220s] Level 1:colcon.colcon_core.package_identification:_identify(src/core) by extension 'ignore_ament_install'
[0.220s] Level 1:colcon.colcon_core.package_identification:_identify(src/core) by extensions ['colcon_pkg']
[0.220s] Level 1:colcon.colcon_core.package_identification:_identify(src/core) by extension 'colcon_pkg'
[0.220s] Level 1:colcon.colcon_core.package_identification:_identify(src/core) by extensions ['colcon_meta']
[0.220s] Level 1:colcon.colcon_core.package_identification:_identify(src/core) by extension 'colcon_meta'
[0.220s] Level 1:colcon.colcon_core.package_identification:_identify(src/core) by extensions ['ros']
[0.220s] Level 1:colcon.colcon_core.package_identification:_identify(src/core) by extension 'ros'
[0.222s] DEBUG:colcon.colcon_core.package_identification:Package 'src/core' with type 'ros.ament_cmake' and name 'core'
[0.222s] Level 1:colcon.colcon_core.package_identification:_identify(src/motion_control) by extensions ['ignore', 'ignore_ament_install']
[0.223s] Level 1:colcon.colcon_core.package_identification:_identify(src/motion_control) by extension 'ignore'
[0.223s] Level 1:colcon.colcon_core.package_identification:_identify(src/motion_control) by extension 'ignore_ament_install'
[0.223s] Level 1:colcon.colcon_core.package_identification:_identify(src/motion_control) by extensions ['colcon_pkg']
[0.223s] Level 1:colcon.colcon_core.package_identification:_identify(src/motion_control) by extension 'colcon_pkg'
[0.223s] Level 1:colcon.colcon_core.package_identification:_identify(src/motion_control) by extensions ['colcon_meta']
[0.223s] Level 1:colcon.colcon_core.package_identification:_identify(src/motion_control) by extension 'colcon_meta'
[0.223s] Level 1:colcon.colcon_core.package_identification:_identify(src/motion_control) by extensions ['ros']
[0.223s] Level 1:colcon.colcon_core.package_identification:_identify(src/motion_control) by extension 'ros'
[0.223s] DEBUG:colcon.colcon_core.package_identification:Package 'src/motion_control' with type 'ros.ament_python' and name 'motion_control'
[0.223s] Level 1:colcon.colcon_core.package_discovery:discover_packages(recursive) using defaults
[0.223s] Level 1:colcon.colcon_core.package_discovery:discover_packages(ignore) discover
[0.223s] Level 1:colcon.colcon_core.package_discovery:discover_packages(ignore) using defaults
[0.223s] Level 1:colcon.colcon_core.package_discovery:discover_packages(path) discover
[0.223s] Level 1:colcon.colcon_core.package_discovery:discover_packages(path) using defaults
[0.237s] Level 1:colcon.colcon_core.package_discovery:discover_packages(prefix_path) check parameters
[0.237s] Level 1:colcon.colcon_core.package_discovery:discover_packages(prefix_path) discover
[0.238s] WARNING:colcon.colcon_ros.prefix_path.ament:The path '/home/jhsrobo/corews/install/motion_control' in the environment variable AMENT_PREFIX_PATH doesn't exist
[0.238s] WARNING:colcon.colcon_ros.prefix_path.ament:The path '/home/jhsrobo/corews/install/core' in the environment variable AMENT_PREFIX_PATH doesn't exist
[0.238s] WARNING:colcon.colcon_ros.prefix_path.catkin:The path '/home/jhsrobo/corews/install/core' in the environment variable CMAKE_PREFIX_PATH doesn't exist
[0.238s] DEBUG:colcon.colcon_installed_package_information.package_discovery:Found 0 installed packages in /home/jhsrobo/corews/install
[0.239s] DEBUG:colcon.colcon_installed_package_information.package_discovery:Found 284 installed packages in /opt/ros/humble
[0.240s] Level 1:colcon.colcon_core.package_discovery:discover_packages(prefix_path) using defaults
[0.276s] Level 5:colcon.colcon_core.verb:set package 'core' build argument 'cmake_args' from command line to 'None'
[0.276s] Level 5:colcon.colcon_core.verb:set package 'core' build argument 'cmake_target' from command line to 'None'
[0.276s] Level 5:colcon.colcon_core.verb:set package 'core' build argument 'cmake_target_skip_unavailable' from command line to 'False'
[0.276s] Level 5:colcon.colcon_core.verb:set package 'core' build argument 'cmake_clean_cache' from command line to 'False'
[0.276s] Level 5:colcon.colcon_core.verb:set package 'core' build argument 'cmake_clean_first' from command line to 'False'
[0.276s] Level 5:colcon.colcon_core.verb:set package 'core' build argument 'cmake_force_configure' from command line to 'False'
[0.276s] Level 5:colcon.colcon_core.verb:set package 'core' build argument 'ament_cmake_args' from command line to 'None'
[0.276s] Level 5:colcon.colcon_core.verb:set package 'core' build argument 'catkin_cmake_args' from command line to 'None'
[0.276s] Level 5:colcon.colcon_core.verb:set package 'core' build argument 'catkin_skip_building_tests' from command line to 'False'
[0.276s] DEBUG:colcon.colcon_core.verb:Building package 'core' with the following arguments: {'ament_cmake_args': None, 'build_base': '/home/jhsrobo/corews/build/core', 'catkin_cmake_args': None, 'catkin_skip_building_tests': False, 'cmake_args': None, 'cmake_clean_cache': False, 'cmake_clean_first': False, 'cmake_force_configure': False, 'cmake_target': None, 'cmake_target_skip_unavailable': False, 'install_base': '/home/jhsrobo/corews/install/core', 'merge_install': False, 'path': '/home/jhsrobo/corews/src/core', 'symlink_install': False, 'test_result_base': None}
[0.278s] Level 5:colcon.colcon_core.verb:set package 'motion_control' build argument 'cmake_args' from command line to 'None'
[0.278s] Level 5:colcon.colcon_core.verb:set package 'motion_control' build argument 'cmake_target' from command line to 'None'
[0.278s] Level 5:colcon.colcon_core.verb:set package 'motion_control' build argument 'cmake_target_skip_unavailable' from command line to 'False'
[0.278s] Level 5:colcon.colcon_core.verb:set package 'motion_control' build argument 'cmake_clean_cache' from command line to 'False'
[0.278s] Level 5:colcon.colcon_core.verb:set package 'motion_control' build argument 'cmake_clean_first' from command line to 'False'
[0.278s] Level 5:colcon.colcon_core.verb:set package 'motion_control' build argument 'cmake_force_configure' from command line to 'False'
[0.278s] Level 5:colcon.colcon_core.verb:set package 'motion_control' build argument 'ament_cmake_args' from command line to 'None'
[0.278s] Level 5:colcon.colcon_core.verb:set package 'motion_control' build argument 'catkin_cmake_args' from command line to 'None'
[0.278s] Level 5:colcon.colcon_core.verb:set package 'motion_control' build argument 'catkin_skip_building_tests' from command line to 'False'
[0.278s] DEBUG:colcon.colcon_core.verb:Building package 'motion_control' with the following arguments: {'ament_cmake_args': None, 'build_base': '/home/jhsrobo/corews/build/motion_control', 'catkin_cmake_args': None, 'catkin_skip_building_tests': False, 'cmake_args': None, 'cmake_clean_cache': False, 'cmake_clean_first': False, 'cmake_force_configure': False, 'cmake_target': None, 'cmake_target_skip_unavailable': False, 'install_base': '/home/jhsrobo/corews/install/motion_control', 'merge_install': False, 'path': '/home/jhsrobo/corews/src/motion_control', 'symlink_install': False, 'test_result_base': None}
[0.279s] INFO:colcon.colcon_core.executor:Executing jobs using 'parallel' executor
[0.283s] DEBUG:colcon.colcon_parallel_executor.executor.parallel:run_until_complete
[0.283s] INFO:colcon.colcon_ros.task.ament_cmake.build:Building ROS package in '/home/jhsrobo/corews/src/core' with build type 'ament_cmake'
[0.284s] INFO:colcon.colcon_cmake.task.cmake.build:Building CMake package in '/home/jhsrobo/corews/src/core'
[0.288s] INFO:colcon.colcon_core.plugin_system:Skipping extension 'colcon_core.shell.bat': Not used on non-Windows systems
[0.288s] INFO:colcon.colcon_core.shell:Skip shell extension 'powershell' for command environment: Not usable outside of PowerShell
[0.288s] DEBUG:colcon.colcon_core.shell:Skip shell extension 'dsv' for command environment
[0.294s] DEBUG:colcon.colcon_core.event_handler.log_command:Invoking command in '/home/jhsrobo/corews/build/core': CMAKE_PREFIX_PATH=${CMAKE_PREFIX_PATH}:/home/jhsrobo/corews/install/motion_control:/opt/ros/humble /usr/bin/cmake /home/jhsrobo/corews/src/core -DCMAKE_INSTALL_PREFIX=/home/jhsrobo/corews/install/core
[1.338s] DEBUG:colcon.colcon_core.event_handler.log_command:Invoked command in '/home/jhsrobo/corews/build/core' returned '0': CMAKE_PREFIX_PATH=${CMAKE_PREFIX_PATH}:/home/jhsrobo/corews/install/motion_control:/opt/ros/humble /usr/bin/cmake /home/jhsrobo/corews/src/core -DCMAKE_INSTALL_PREFIX=/home/jhsrobo/corews/install/core
[1.340s] DEBUG:colcon.colcon_core.event_handler.log_command:Invoking command in '/home/jhsrobo/corews/build/core': CMAKE_PREFIX_PATH=${CMAKE_PREFIX_PATH}:/home/jhsrobo/corews/install/motion_control:/opt/ros/humble /usr/bin/cmake --build /home/jhsrobo/corews/build/core -- -j2 -l2
[3.393s] DEBUG:colcon.colcon_core.event_handler.log_command:Invoked command in '/home/jhsrobo/corews/build/core' returned '0': CMAKE_PREFIX_PATH=${CMAKE_PREFIX_PATH}:/home/jhsrobo/corews/install/motion_control:/opt/ros/humble /usr/bin/cmake --build /home/jhsrobo/corews/build/core -- -j2 -l2
[3.434s] DEBUG:colcon.colcon_core.event_handler.log_command:Invoking command in '/home/jhsrobo/corews/build/core': CMAKE_PREFIX_PATH=${CMAKE_PREFIX_PATH}:/home/jhsrobo/corews/install/motion_control:/opt/ros/humble /usr/bin/cmake --install /home/jhsrobo/corews/build/core
[3.480s] Level 1:colcon.colcon_core.environment:create_environment_scripts_only(core)
[3.481s] DEBUG:colcon.colcon_core.event_handler.log_command:Invoked command in '/home/jhsrobo/corews/build/core' returned '0': CMAKE_PREFIX_PATH=${CMAKE_PREFIX_PATH}:/home/jhsrobo/corews/install/motion_control:/opt/ros/humble /usr/bin/cmake --install /home/jhsrobo/corews/build/core
[3.484s] Level 1:colcon.colcon_core.environment:checking '/home/jhsrobo/corews/install/core' for CMake module files
[3.484s] Level 1:colcon.colcon_core.environment:checking '/home/jhsrobo/corews/install/core' for CMake config files
[3.484s] Level 1:colcon.colcon_core.shell:create_environment_hook('core', 'cmake_prefix_path')
[3.485s] INFO:colcon.colcon_core.shell:Creating environment hook '/home/jhsrobo/corews/install/core/share/core/hook/cmake_prefix_path.ps1'
[3.486s] INFO:colcon.colcon_core.shell:Creating environment descriptor '/home/jhsrobo/corews/install/core/share/core/hook/cmake_prefix_path.dsv'
[3.486s] INFO:colcon.colcon_core.shell:Creating environment hook '/home/jhsrobo/corews/install/core/share/core/hook/cmake_prefix_path.sh'
[3.486s] Level 1:colcon.colcon_core.environment:checking '/home/jhsrobo/corews/install/core/lib'
[3.486s] Level 1:colcon.colcon_core.shell:create_environment_hook('core', 'ld_library_path_lib')
[3.487s] INFO:colcon.colcon_core.shell:Creating environment hook '/home/jhsrobo/corews/install/core/share/core/hook/ld_library_path_lib.ps1'
[3.487s] INFO:colcon.colcon_core.shell:Creating environment descriptor '/home/jhsrobo/corews/install/core/share/core/hook/ld_library_path_lib.dsv'
[3.487s] INFO:colcon.colcon_core.shell:Creating environment hook '/home/jhsrobo/corews/install/core/share/core/hook/ld_library_path_lib.sh'
[3.488s] Level 1:colcon.colcon_core.environment:checking '/home/jhsrobo/corews/install/core/bin'
[3.488s] Level 1:colcon.colcon_core.environment:checking '/home/jhsrobo/corews/install/core/lib/pkgconfig/core.pc'
[3.488s] Level 1:colcon.colcon_core.environment:checking '/home/jhsrobo/corews/install/core/lib/python3.10/site-packages'
[3.488s] Level 1:colcon.colcon_core.environment:checking '/home/jhsrobo/corews/install/core/bin'
[3.489s] INFO:colcon.colcon_core.shell:Creating package script '/home/jhsrobo/corews/install/core/share/core/package.ps1'
[3.489s] INFO:colcon.colcon_core.shell:Creating package descriptor '/home/jhsrobo/corews/install/core/share/core/package.dsv'
[3.489s] INFO:colcon.colcon_core.shell:Creating package script '/home/jhsrobo/corews/install/core/share/core/package.sh'
[3.490s] INFO:colcon.colcon_core.shell:Creating package script '/home/jhsrobo/corews/install/core/share/core/package.bash'
[3.490s] INFO:colcon.colcon_core.shell:Creating package script '/home/jhsrobo/corews/install/core/share/core/package.zsh'
[3.490s] Level 1:colcon.colcon_core.environment:create_file_with_runtime_dependencies(/home/jhsrobo/corews/install/core/share/colcon-core/packages/core)
[3.531s] Level 1:colcon.colcon_core.environment:create_environment_scripts_only(core)
[3.532s] Level 1:colcon.colcon_core.environment:checking '/home/jhsrobo/corews/install/core' for CMake module files
[3.532s] Level 1:colcon.colcon_core.environment:checking '/home/jhsrobo/corews/install/core' for CMake config files
[3.533s] Level 1:colcon.colcon_core.shell:create_environment_hook('core', 'cmake_prefix_path')
[3.533s] INFO:colcon.colcon_core.shell:Creating environment hook '/home/jhsrobo/corews/install/core/share/core/hook/cmake_prefix_path.ps1'
[3.534s] INFO:colcon.colcon_core.shell:Creating environment descriptor '/home/jhsrobo/corews/install/core/share/core/hook/cmake_prefix_path.dsv'
[3.534s] INFO:colcon.colcon_core.shell:Creating environment hook '/home/jhsrobo/corews/install/core/share/core/hook/cmake_prefix_path.sh'
[3.534s] Level 1:colcon.colcon_core.environment:checking '/home/jhsrobo/corews/install/core/lib'
[3.534s] Level 1:colcon.colcon_core.shell:create_environment_hook('core', 'ld_library_path_lib')
[3.535s] INFO:colcon.colcon_core.shell:Creating environment hook '/home/jhsrobo/corews/install/core/share/core/hook/ld_library_path_lib.ps1'
[3.535s] INFO:colcon.colcon_core.shell:Creating environment descriptor '/home/jhsrobo/corews/install/core/share/core/hook/ld_library_path_lib.dsv'
[3.535s] INFO:colcon.colcon_core.shell:Creating environment hook '/home/jhsrobo/corews/install/core/share/core/hook/ld_library_path_lib.sh'
[3.536s] Level 1:colcon.colcon_core.environment:checking '/home/jhsrobo/corews/install/core/bin'
[3.536s] Level 1:colcon.colcon_core.environment:checking '/home/jhsrobo/corews/install/core/lib/pkgconfig/core.pc'
[3.536s] Level 1:colcon.colcon_core.environment:checking '/home/jhsrobo/corews/install/core/lib/python3.10/site-packages'
[3.536s] Level 1:colcon.colcon_core.environment:checking '/home/jhsrobo/corews/install/core/bin'
[3.537s] INFO:colcon.colcon_core.shell:Creating package script '/home/jhsrobo/corews/install/core/share/core/package.ps1'
[3.537s] INFO:colcon.colcon_core.shell:Creating package descriptor '/home/jhsrobo/corews/install/core/share/core/package.dsv'
[3.558s] INFO:colcon.colcon_core.shell:Creating package script '/home/jhsrobo/corews/install/core/share/core/package.sh'
[3.558s] INFO:colcon.colcon_core.shell:Creating package script '/home/jhsrobo/corews/install/core/share/core/package.bash'
[3.558s] INFO:colcon.colcon_core.shell:Creating package script '/home/jhsrobo/corews/install/core/share/core/package.zsh'
[3.559s] Level 1:colcon.colcon_core.environment:create_file_with_runtime_dependencies(/home/jhsrobo/corews/install/core/share/colcon-core/packages/core)
[3.559s] INFO:colcon.colcon_ros.task.ament_python.build:Building ROS package in '/home/jhsrobo/corews/src/motion_control' with build type 'ament_python'
[3.559s] Level 1:colcon.colcon_core.shell:create_environment_hook('motion_control', 'ament_prefix_path')
[3.560s] INFO:colcon.colcon_core.shell:Creating environment hook '/home/jhsrobo/corews/install/motion_control/share/motion_control/hook/ament_prefix_path.ps1'
[3.561s] INFO:colcon.colcon_core.shell:Creating environment descriptor '/home/jhsrobo/corews/install/motion_control/share/motion_control/hook/ament_prefix_path.dsv'
[3.561s] INFO:colcon.colcon_core.shell:Creating environment hook '/home/jhsrobo/corews/install/motion_control/share/motion_control/hook/ament_prefix_path.sh'
[3.562s] INFO:colcon.colcon_core.shell:Skip shell extension 'powershell' for command environment: Not usable outside of PowerShell
[3.562s] DEBUG:colcon.colcon_core.shell:Skip shell extension 'dsv' for command environment
[3.736s] INFO:colcon.colcon_core.task.python.build:Building Python package in '/home/jhsrobo/corews/src/motion_control'
[3.737s] INFO:colcon.colcon_core.shell:Skip shell extension 'powershell' for command environment: Not usable outside of PowerShell
[3.737s] DEBUG:colcon.colcon_core.shell:Skip shell extension 'dsv' for command environment
[3.948s] DEBUG:colcon.colcon_core.event_handler.log_command:Invoking command in '/home/jhsrobo/corews/src/motion_control': PYTHONPATH=/home/jhsrobo/corews/build/motion_control/prefix_override:/home/jhsrobo/corews/install/motion_control/lib/python3.10/site-packages:${PYTHONPATH} /usr/bin/python3 setup.py egg_info --egg-base ../../build/motion_control build --build-base /home/jhsrobo/corews/build/motion_control/build install --record /home/jhsrobo/corews/build/motion_control/install.log --single-version-externally-managed
[4.138s] Level 1:colcon.colcon_core.environment:checking '/home/jhsrobo/corews/install/motion_control' for CMake module files
[4.138s] DEBUG:colcon.colcon_core.event_handler.log_command:Invoked command in '/home/jhsrobo/corews/src/motion_control' returned '0': PYTHONPATH=/home/jhsrobo/corews/build/motion_control/prefix_override:/home/jhsrobo/corews/install/motion_control/lib/python3.10/site-packages:${PYTHONPATH} /usr/bin/python3 setup.py egg_info --egg-base ../../build/motion_control build --build-base /home/jhsrobo/corews/build/motion_control/build install --record /home/jhsrobo/corews/build/motion_control/install.log --single-version-externally-managed
[4.139s] Level 1:colcon.colcon_core.environment:checking '/home/jhsrobo/corews/install/motion_control' for CMake config files
[4.139s] Level 1:colcon.colcon_core.environment:checking '/home/jhsrobo/corews/install/motion_control/lib'
[4.139s] Level 1:colcon.colcon_core.environment:checking '/home/jhsrobo/corews/install/motion_control/bin'
[4.139s] Level 1:colcon.colcon_core.environment:checking '/home/jhsrobo/corews/install/motion_control/lib/pkgconfig/motion_control.pc'
[4.139s] Level 1:colcon.colcon_core.environment:checking '/home/jhsrobo/corews/install/motion_control/lib/python3.10/site-packages'
[4.139s] Level 1:colcon.colcon_core.shell:create_environment_hook('motion_control', 'pythonpath')
[4.140s] INFO:colcon.colcon_core.shell:Creating environment hook '/home/jhsrobo/corews/install/motion_control/share/motion_control/hook/pythonpath.ps1'
[4.140s] INFO:colcon.colcon_core.shell:Creating environment descriptor '/home/jhsrobo/corews/install/motion_control/share/motion_control/hook/pythonpath.dsv'
[4.140s] INFO:colcon.colcon_core.shell:Creating environment hook '/home/jhsrobo/corews/install/motion_control/share/motion_control/hook/pythonpath.sh'
[4.141s] Level 1:colcon.colcon_core.environment:checking '/home/jhsrobo/corews/install/motion_control/bin'
[4.141s] Level 1:colcon.colcon_core.environment:create_environment_scripts_only(motion_control)
[4.141s] INFO:colcon.colcon_core.shell:Creating package script '/home/jhsrobo/corews/install/motion_control/share/motion_control/package.ps1'
[4.142s] INFO:colcon.colcon_core.shell:Creating package descriptor '/home/jhsrobo/corews/install/motion_control/share/motion_control/package.dsv'
[4.142s] INFO:colcon.colcon_core.shell:Creating package script '/home/jhsrobo/corews/install/motion_control/share/motion_control/package.sh'
[4.142s] INFO:colcon.colcon_core.shell:Creating package script '/home/jhsrobo/corews/install/motion_control/share/motion_control/package.bash'
[4.142s] INFO:colcon.colcon_core.shell:Creating package script '/home/jhsrobo/corews/install/motion_control/share/motion_control/package.zsh'
[4.142s] Level 1:colcon.colcon_core.environment:create_file_with_runtime_dependencies(/home/jhsrobo/corews/install/motion_control/share/colcon-core/packages/motion_control)
[4.142s] DEBUG:colcon.colcon_parallel_executor.executor.parallel:closing loop
[4.143s] DEBUG:colcon.colcon_parallel_executor.executor.parallel:loop closed
[4.143s] DEBUG:colcon.colcon_parallel_executor.executor.parallel:run_until_complete finished with '0'
[4.143s] DEBUG:colcon.colcon_core.event_reactor:joining thread
[4.146s] INFO:colcon.colcon_core.plugin_system:Skipping extension 'colcon_notification.desktop_notification.terminal_notifier': Not used on non-Darwin systems
[4.146s] INFO:colcon.colcon_core.plugin_system:Skipping extension 'colcon_notification.desktop_notification.win32': Not used on non-Windows systems
[4.146s] INFO:colcon.colcon_notification.desktop_notification:Sending desktop notification using 'notify2'
[4.154s] DEBUG:colcon.colcon_core.event_reactor:joined thread
[4.162s] INFO:colcon.colcon_core.shell:Creating prefix script '/home/jhsrobo/corews/install/local_setup.ps1'
[4.162s] INFO:colcon.colcon_core.shell:Creating prefix util module '/home/jhsrobo/corews/install/_local_setup_util_ps1.py'
[4.163s] INFO:colcon.colcon_core.shell:Creating prefix chain script '/home/jhsrobo/corews/install/setup.ps1'
[4.164s] INFO:colcon.colcon_core.shell:Creating prefix script '/home/jhsrobo/corews/install/local_setup.sh'
[4.164s] INFO:colcon.colcon_core.shell:Creating prefix util module '/home/jhsrobo/corews/install/_local_setup_util_sh.py'
[4.165s] INFO:colcon.colcon_core.shell:Creating prefix chain script '/home/jhsrobo/corews/install/setup.sh'
[4.165s] INFO:colcon.colcon_core.shell:Creating prefix script '/home/jhsrobo/corews/install/local_setup.bash'
[4.166s] INFO:colcon.colcon_core.shell:Creating prefix chain script '/home/jhsrobo/corews/install/setup.bash'
[4.167s] INFO:colcon.colcon_core.shell:Creating prefix script '/home/jhsrobo/corews/install/local_setup.zsh'
[4.167s] INFO:colcon.colcon_core.shell:Creating prefix chain script '/home/jhsrobo/corews/install/setup.zsh'
