-- The C compiler identification is GNU 11.3.0
-- The CXX compiler identification is GNU 11.3.0
-- Detecting C compiler ABI info
-- Detecting C compiler ABI info - done
-- Check for working C compiler: /usr/bin/cc - skipped
-- Detecting C compile features
-- Detecting C compile features - done
-- Detecting CXX compiler ABI info
-- Detecting CXX compiler ABI info - done
-- Check for working CXX compiler: /usr/bin/c++ - skipped
-- Detecting CXX compile features
-- Detecting CXX compile features - done
-- Found ament_cmake: 1.3.5 (/opt/ros/humble/share/ament_cmake/cmake)
-- Found Python3: /usr/bin/python3.10 (found version "3.10.6") found components: Interpreter 
-- Found ament_lint_auto: 0.12.6 (/opt/ros/humble/share/ament_lint_auto/cmake)
-- Found std_msgs: 4.2.3 (/opt/ros/humble/share/std_msgs/cmake)
-- Found rosidl_generator_c: 3.1.4 (/opt/ros/humble/share/rosidl_generator_c/cmake)
-- Found rosidl_adapter: 3.1.4 (/opt/ros/humble/share/rosidl_adapter/cmake)
-- Found rosidl_generator_cpp: 3.1.4 (/opt/ros/humble/share/rosidl_generator_cpp/cmake)
-- Using all available rosidl_typesupport_c: rosidl_typesupport_fastrtps_c;rosidl_typesupport_introspection_c
-- Using all available rosidl_typesupport_cpp: rosidl_typesupport_fastrtps_cpp;rosidl_typesupport_introspection_cpp
-- Found rosidl_default_generators: 1.2.0 (/opt/ros/humble/share/rosidl_default_generators/cmake)
-- Found ament_cmake_ros: 0.10.0 (/opt/ros/humble/share/ament_cmake_ros/cmake)
-- Using all available rosidl_typesupport_c: rosidl_typesupport_fastrtps_c;rosidl_typesupport_introspection_c
-- Using all available rosidl_typesupport_cpp: rosidl_typesupport_fastrtps_cpp;rosidl_typesupport_introspection_cpp
-- Found PythonInterp: /usr/bin/python3 (found suitable version "3.10.6", minimum required is "3.6") 
-- Found python_cmake_module: 0.10.0 (/opt/ros/humble/share/python_cmake_module/cmake)
-- Found PythonLibs: /usr/lib/x86_64-linux-gnu/libpython3.10.so (found suitable version "3.10.6", minimum required is "3.5") 
-- Using PYTHON_EXECUTABLE: /usr/bin/python3
-- Using PYTHON_INCLUDE_DIRS: /usr/include/python3.10
-- Using PYTHON_LIBRARIES: /usr/lib/x86_64-linux-gnu/libpython3.10.so
-- Found PythonExtra: .so  
-- Added test 'lint_cmake' to check CMake code style
-- Added test 'xmllint' to check XML markup files
-- Configuring done
-- Generating done
-- Build files have been written to: /home/jhsrobo/corews/build/core
[  3%] [34m[1mGenerating C code for ROS interfaces[0m
[  6%] [34m[1mGenerating C++ code for ROS interfaces[0m
[  6%] Built target core__cpp
[  9%] [32mBuilding C object CMakeFiles/core__rosidl_generator_c.dir/rosidl_generator_c/core/msg/detail/float32_arr__functions.c.o[0m
[  9%] Built target ament_cmake_python_copy_core
[ 12%] [34m[1mGenerating C++ type support dispatch for ROS interfaces[0m
[ 16%] [32m[1mLinking C shared library libcore__rosidl_generator_c.so[0m
[ 16%] Built target core__rosidl_generator_c
[ 19%] [34m[1mGenerating C++ type support for eProsima Fast-RTPS[0m
[ 22%] [32mBuilding CXX object CMakeFiles/core__rosidl_typesupport_cpp.dir/rosidl_typesupport_cpp/core/msg/float32_arr__type_support.cpp.o[0m
[ 25%] [32mBuilding CXX object CMakeFiles/core__rosidl_typesupport_fastrtps_cpp.dir/rosidl_typesupport_fastrtps_cpp/core/msg/detail/dds_fastrtps/float32_arr__type_support.cpp.o[0m
[ 29%] [32m[1mLinking CXX shared library libcore__rosidl_typesupport_cpp.so[0m
[ 29%] Built target core__rosidl_typesupport_cpp
[ 32%] [34m[1mGenerating C introspection for ROS interfaces[0m
[ 35%] [32m[1mLinking CXX shared library libcore__rosidl_typesupport_fastrtps_cpp.so[0m
[ 38%] [32mBuilding C object CMakeFiles/core__rosidl_typesupport_introspection_c.dir/rosidl_typesupport_introspection_c/core/msg/detail/float32_arr__type_support.c.o[0m
[ 41%] [32m[1mLinking C shared library libcore__rosidl_typesupport_introspection_c.so[0m
[ 41%] Built target core__rosidl_typesupport_fastrtps_cpp
[ 45%] [34m[1mGenerating C type support dispatch for ROS interfaces[0m
[ 45%] Built target core__rosidl_typesupport_introspection_c
[ 48%] [34m[1mGenerating C++ introspection for ROS interfaces[0m
[ 51%] [32mBuilding CXX object CMakeFiles/core__rosidl_typesupport_c.dir/rosidl_typesupport_c/core/msg/float32_arr__type_support.cpp.o[0m
[ 54%] [32m[1mLinking CXX shared library libcore__rosidl_typesupport_c.so[0m
[ 58%] [32mBuilding CXX object CMakeFiles/core__rosidl_typesupport_introspection_cpp.dir/rosidl_typesupport_introspection_cpp/core/msg/detail/float32_arr__type_support.cpp.o[0m
[ 58%] Built target core__rosidl_typesupport_c
running egg_info
creating core.egg-info
writing core.egg-info/PKG-INFO
writing dependency_links to core.egg-info/dependency_links.txt
writing top-level names to core.egg-info/top_level.txt
writing manifest file 'core.egg-info/SOURCES.txt'
reading manifest file 'core.egg-info/SOURCES.txt'
writing manifest file 'core.egg-info/SOURCES.txt'
[ 58%] Built target ament_cmake_python_build_core_egg
[ 61%] [34m[1mGenerating C type support for eProsima Fast-RTPS[0m
[ 64%] [32m[1mLinking CXX shared library libcore__rosidl_typesupport_introspection_cpp.so[0m
[ 64%] Built target core__rosidl_typesupport_introspection_cpp
[ 67%] [32mBuilding CXX object CMakeFiles/core__rosidl_typesupport_fastrtps_c.dir/rosidl_typesupport_fastrtps_c/core/msg/detail/float32_arr__type_support_c.cpp.o[0m
[ 70%] [32m[1mLinking CXX shared library libcore__rosidl_typesupport_fastrtps_c.so[0m
[ 70%] Built target core__rosidl_typesupport_fastrtps_c
[ 70%] Built target core
[ 74%] [34m[1mGenerating Python code for ROS interfaces[0m
[ 74%] Built target core__py
[ 77%] [32mBuilding C object CMakeFiles/core__rosidl_generator_py.dir/rosidl_generator_py/core/msg/_float32_arr_s.c.o[0m
[ 80%] [32m[1mLinking C shared library rosidl_generator_py/core/libcore__rosidl_generator_py.so[0m
[ 80%] Built target core__rosidl_generator_py
[ 83%] [32mBuilding C object CMakeFiles/core__rosidl_typesupport_introspection_c__pyext.dir/rosidl_generator_py/core/_core_s.ep.rosidl_typesupport_introspection_c.c.o[0m
[ 87%] [32mBuilding C object CMakeFiles/core__rosidl_typesupport_fastrtps_c__pyext.dir/rosidl_generator_py/core/_core_s.ep.rosidl_typesupport_fastrtps_c.c.o[0m
[ 90%] [32m[1mLinking C shared library rosidl_generator_py/core/core_s__rosidl_typesupport_fastrtps_c.cpython-310-x86_64-linux-gnu.so[0m
[ 93%] [32m[1mLinking C shared library rosidl_generator_py/core/core_s__rosidl_typesupport_introspection_c.cpython-310-x86_64-linux-gnu.so[0m
[ 93%] Built target core__rosidl_typesupport_introspection_c__pyext
[ 93%] Built target core__rosidl_typesupport_fastrtps_c__pyext
[ 96%] [32mBuilding C object CMakeFiles/core__rosidl_typesupport_c__pyext.dir/rosidl_generator_py/core/_core_s.ep.rosidl_typesupport_c.c.o[0m
[100%] [32m[1mLinking C shared library rosidl_generator_py/core/core_s__rosidl_typesupport_c.cpython-310-x86_64-linux-gnu.so[0m
[100%] Built target core__rosidl_typesupport_c__pyext
-- Install configuration: ""
-- Installing: /home/jhsrobo/corews/install/core/share/core//launch
-- Installing: /home/jhsrobo/corews/install/core/share/core//launch/opside.yaml
-- Installing: /home/jhsrobo/corews/install/core/share/core//launch/topside.yaml
-- Installing: /home/jhsrobo/corews/install/core/share/core//launch/bottomside.yaml
-- Installing: /home/jhsrobo/corews/install/core/share/ament_index/resource_index/rosidl_interfaces/core
-- Installing: /home/jhsrobo/corews/install/core/include/core/core
-- Installing: /home/jhsrobo/corews/install/core/include/core/core/msg
-- Installing: /home/jhsrobo/corews/install/core/include/core/core/msg/rosidl_generator_c__visibility_control.h
-- Installing: /home/jhsrobo/corews/install/core/include/core/core/msg/float32_arr.h
-- Installing: /home/jhsrobo/corews/install/core/include/core/core/msg/detail
-- Installing: /home/jhsrobo/corews/install/core/include/core/core/msg/detail/float32_arr__struct.h
-- Installing: /home/jhsrobo/corews/install/core/include/core/core/msg/detail/float32_arr__functions.c
-- Installing: /home/jhsrobo/corews/install/core/include/core/core/msg/detail/float32_arr__type_support.h
-- Installing: /home/jhsrobo/corews/install/core/include/core/core/msg/detail/float32_arr__functions.h
-- Installing: /home/jhsrobo/corews/install/core/share/core/environment/library_path.sh
-- Installing: /home/jhsrobo/corews/install/core/share/core/environment/library_path.dsv
-- Installing: /home/jhsrobo/corews/install/core/lib/libcore__rosidl_generator_c.so
-- Set runtime path of "/home/jhsrobo/corews/install/core/lib/libcore__rosidl_generator_c.so" to ""
-- Up-to-date: /home/jhsrobo/corews/install/core/include/core/core
-- Up-to-date: /home/jhsrobo/corews/install/core/include/core/core/msg
-- Up-to-date: /home/jhsrobo/corews/install/core/include/core/core/msg/detail
-- Installing: /home/jhsrobo/corews/install/core/include/core/core/msg/detail/float32_arr__rosidl_typesupport_fastrtps_c.h
-- Installing: /home/jhsrobo/corews/install/core/include/core/core/msg/rosidl_typesupport_fastrtps_c__visibility_control.h
-- Installing: /home/jhsrobo/corews/install/core/lib/libcore__rosidl_typesupport_fastrtps_c.so
-- Set runtime path of "/home/jhsrobo/corews/install/core/lib/libcore__rosidl_typesupport_fastrtps_c.so" to ""
-- Up-to-date: /home/jhsrobo/corews/install/core/include/core/core
-- Up-to-date: /home/jhsrobo/corews/install/core/include/core/core/msg
-- Installing: /home/jhsrobo/corews/install/core/include/core/core/msg/float32_arr.hpp
-- Up-to-date: /home/jhsrobo/corews/install/core/include/core/core/msg/detail
-- Installing: /home/jhsrobo/corews/install/core/include/core/core/msg/detail/float32_arr__traits.hpp
-- Installing: /home/jhsrobo/corews/install/core/include/core/core/msg/detail/float32_arr__struct.hpp
-- Installing: /home/jhsrobo/corews/install/core/include/core/core/msg/detail/float32_arr__builder.hpp
-- Up-to-date: /home/jhsrobo/corews/install/core/include/core/core
-- Up-to-date: /home/jhsrobo/corews/install/core/include/core/core/msg
-- Installing: /home/jhsrobo/corews/install/core/include/core/core/msg/rosidl_typesupport_fastrtps_cpp__visibility_control.h
-- Up-to-date: /home/jhsrobo/corews/install/core/include/core/core/msg/detail
-- Installing: /home/jhsrobo/corews/install/core/include/core/core/msg/detail/dds_fastrtps
-- Installing: /home/jhsrobo/corews/install/core/include/core/core/msg/detail/float32_arr__rosidl_typesupport_fastrtps_cpp.hpp
-- Installing: /home/jhsrobo/corews/install/core/lib/libcore__rosidl_typesupport_fastrtps_cpp.so
-- Set runtime path of "/home/jhsrobo/corews/install/core/lib/libcore__rosidl_typesupport_fastrtps_cpp.so" to ""
-- Up-to-date: /home/jhsrobo/corews/install/core/include/core/core
-- Up-to-date: /home/jhsrobo/corews/install/core/include/core/core/msg
-- Up-to-date: /home/jhsrobo/corews/install/core/include/core/core/msg/detail
-- Installing: /home/jhsrobo/corews/install/core/include/core/core/msg/detail/float32_arr__type_support.c
-- Installing: /home/jhsrobo/corews/install/core/include/core/core/msg/detail/float32_arr__rosidl_typesupport_introspection_c.h
-- Installing: /home/jhsrobo/corews/install/core/include/core/core/msg/rosidl_typesupport_introspection_c__visibility_control.h
-- Installing: /home/jhsrobo/corews/install/core/lib/libcore__rosidl_typesupport_introspection_c.so
-- Set runtime path of "/home/jhsrobo/corews/install/core/lib/libcore__rosidl_typesupport_introspection_c.so" to ""
-- Installing: /home/jhsrobo/corews/install/core/lib/libcore__rosidl_typesupport_c.so
-- Set runtime path of "/home/jhsrobo/corews/install/core/lib/libcore__rosidl_typesupport_c.so" to ""
-- Up-to-date: /home/jhsrobo/corews/install/core/include/core/core
-- Up-to-date: /home/jhsrobo/corews/install/core/include/core/core/msg
-- Up-to-date: /home/jhsrobo/corews/install/core/include/core/core/msg/detail
-- Installing: /home/jhsrobo/corews/install/core/include/core/core/msg/detail/float32_arr__type_support.cpp
-- Installing: /home/jhsrobo/corews/install/core/include/core/core/msg/detail/float32_arr__rosidl_typesupport_introspection_cpp.hpp
-- Installing: /home/jhsrobo/corews/install/core/lib/libcore__rosidl_typesupport_introspection_cpp.so
-- Set runtime path of "/home/jhsrobo/corews/install/core/lib/libcore__rosidl_typesupport_introspection_cpp.so" to ""
-- Installing: /home/jhsrobo/corews/install/core/lib/libcore__rosidl_typesupport_cpp.so
-- Set runtime path of "/home/jhsrobo/corews/install/core/lib/libcore__rosidl_typesupport_cpp.so" to ""
-- Installing: /home/jhsrobo/corews/install/core/share/core/environment/pythonpath.sh
-- Installing: /home/jhsrobo/corews/install/core/share/core/environment/pythonpath.dsv
-- Installing: /home/jhsrobo/corews/install/core/local/lib/python3.10/dist-packages/core-0.0.0-py3.10.egg-info
-- Installing: /home/jhsrobo/corews/install/core/local/lib/python3.10/dist-packages/core-0.0.0-py3.10.egg-info/top_level.txt
-- Installing: /home/jhsrobo/corews/install/core/local/lib/python3.10/dist-packages/core-0.0.0-py3.10.egg-info/PKG-INFO
-- Installing: /home/jhsrobo/corews/install/core/local/lib/python3.10/dist-packages/core-0.0.0-py3.10.egg-info/SOURCES.txt
-- Installing: /home/jhsrobo/corews/install/core/local/lib/python3.10/dist-packages/core-0.0.0-py3.10.egg-info/dependency_links.txt
-- Installing: /home/jhsrobo/corews/install/core/local/lib/python3.10/dist-packages/core
-- Installing: /home/jhsrobo/corews/install/core/local/lib/python3.10/dist-packages/core/core_s__rosidl_typesupport_fastrtps_c.cpython-310-x86_64-linux-gnu.so
-- Installing: /home/jhsrobo/corews/install/core/local/lib/python3.10/dist-packages/core/core_s__rosidl_typesupport_c.cpython-310-x86_64-linux-gnu.so
-- Installing: /home/jhsrobo/corews/install/core/local/lib/python3.10/dist-packages/core/core_s__rosidl_typesupport_introspection_c.cpython-310-x86_64-linux-gnu.so
-- Installing: /home/jhsrobo/corews/install/core/local/lib/python3.10/dist-packages/core/msg
-- Installing: /home/jhsrobo/corews/install/core/local/lib/python3.10/dist-packages/core/msg/__init__.py
-- Installing: /home/jhsrobo/corews/install/core/local/lib/python3.10/dist-packages/core/msg/_float32_arr.py
-- Installing: /home/jhsrobo/corews/install/core/local/lib/python3.10/dist-packages/core/msg/_float32_arr_s.c
-- Installing: /home/jhsrobo/corews/install/core/local/lib/python3.10/dist-packages/core/libcore__rosidl_generator_py.so
-- Installing: /home/jhsrobo/corews/install/core/local/lib/python3.10/dist-packages/core/__init__.py
-- Installing: /home/jhsrobo/corews/install/core/local/lib/python3.10/dist-packages/core/_core_s.ep.rosidl_typesupport_introspection_c.c
-- Installing: /home/jhsrobo/corews/install/core/local/lib/python3.10/dist-packages/core/_core_s.ep.rosidl_typesupport_fastrtps_c.c
-- Installing: /home/jhsrobo/corews/install/core/local/lib/python3.10/dist-packages/core/_core_s.ep.rosidl_typesupport_c.c
Listing '/home/jhsrobo/corews/install/core/local/lib/python3.10/dist-packages/core'...
Compiling '/home/jhsrobo/corews/install/core/local/lib/python3.10/dist-packages/core/__init__.py'...
Listing '/home/jhsrobo/corews/install/core/local/lib/python3.10/dist-packages/core/msg'...
Compiling '/home/jhsrobo/corews/install/core/local/lib/python3.10/dist-packages/core/msg/__init__.py'...
Compiling '/home/jhsrobo/corews/install/core/local/lib/python3.10/dist-packages/core/msg/_float32_arr.py'...
-- Installing: /home/jhsrobo/corews/install/core/local/lib/python3.10/dist-packages/core/core_s__rosidl_typesupport_fastrtps_c.cpython-310-x86_64-linux-gnu.so
-- Set runtime path of "/home/jhsrobo/corews/install/core/local/lib/python3.10/dist-packages/core/core_s__rosidl_typesupport_fastrtps_c.cpython-310-x86_64-linux-gnu.so" to ""
-- Installing: /home/jhsrobo/corews/install/core/local/lib/python3.10/dist-packages/core/core_s__rosidl_typesupport_introspection_c.cpython-310-x86_64-linux-gnu.so
-- Set runtime path of "/home/jhsrobo/corews/install/core/local/lib/python3.10/dist-packages/core/core_s__rosidl_typesupport_introspection_c.cpython-310-x86_64-linux-gnu.so" to ""
-- Installing: /home/jhsrobo/corews/install/core/local/lib/python3.10/dist-packages/core/core_s__rosidl_typesupport_c.cpython-310-x86_64-linux-gnu.so
-- Set runtime path of "/home/jhsrobo/corews/install/core/local/lib/python3.10/dist-packages/core/core_s__rosidl_typesupport_c.cpython-310-x86_64-linux-gnu.so" to ""
-- Installing: /home/jhsrobo/corews/install/core/lib/libcore__rosidl_generator_py.so
-- Set runtime path of "/home/jhsrobo/corews/install/core/lib/libcore__rosidl_generator_py.so" to ""
-- Installing: /home/jhsrobo/corews/install/core/share/core/msg/Float32Arr.idl
-- Installing: /home/jhsrobo/corews/install/core/share/core/msg/Float32Arr.msg
-- Installing: /home/jhsrobo/corews/install/core/share/ament_index/resource_index/package_run_dependencies/core
-- Installing: /home/jhsrobo/corews/install/core/share/ament_index/resource_index/parent_prefix_path/core
-- Installing: /home/jhsrobo/corews/install/core/share/core/environment/ament_prefix_path.sh
-- Installing: /home/jhsrobo/corews/install/core/share/core/environment/ament_prefix_path.dsv
-- Installing: /home/jhsrobo/corews/install/core/share/core/environment/path.sh
-- Installing: /home/jhsrobo/corews/install/core/share/core/environment/path.dsv
-- Installing: /home/jhsrobo/corews/install/core/share/core/local_setup.bash
-- Installing: /home/jhsrobo/corews/install/core/share/core/local_setup.sh
-- Installing: /home/jhsrobo/corews/install/core/share/core/local_setup.zsh
-- Installing: /home/jhsrobo/corews/install/core/share/core/local_setup.dsv
-- Installing: /home/jhsrobo/corews/install/core/share/core/package.dsv
-- Installing: /home/jhsrobo/corews/install/core/share/ament_index/resource_index/packages/core
-- Installing: /home/jhsrobo/corews/install/core/share/core/cmake/export_core__rosidl_generator_cExport.cmake
-- Installing: /home/jhsrobo/corews/install/core/share/core/cmake/export_core__rosidl_generator_cExport-noconfig.cmake
-- Installing: /home/jhsrobo/corews/install/core/share/core/cmake/export_core__rosidl_typesupport_fastrtps_cExport.cmake
-- Installing: /home/jhsrobo/corews/install/core/share/core/cmake/export_core__rosidl_typesupport_fastrtps_cExport-noconfig.cmake
-- Installing: /home/jhsrobo/corews/install/core/share/core/cmake/export_core__rosidl_generator_cppExport.cmake
-- Installing: /home/jhsrobo/corews/install/core/share/core/cmake/export_core__rosidl_typesupport_fastrtps_cppExport.cmake
-- Installing: /home/jhsrobo/corews/install/core/share/core/cmake/export_core__rosidl_typesupport_fastrtps_cppExport-noconfig.cmake
-- Installing: /home/jhsrobo/corews/install/core/share/core/cmake/core__rosidl_typesupport_introspection_cExport.cmake
-- Installing: /home/jhsrobo/corews/install/core/share/core/cmake/core__rosidl_typesupport_introspection_cExport-noconfig.cmake
-- Installing: /home/jhsrobo/corews/install/core/share/core/cmake/core__rosidl_typesupport_cExport.cmake
-- Installing: /home/jhsrobo/corews/install/core/share/core/cmake/core__rosidl_typesupport_cExport-noconfig.cmake
-- Installing: /home/jhsrobo/corews/install/core/share/core/cmake/core__rosidl_typesupport_introspection_cppExport.cmake
-- Installing: /home/jhsrobo/corews/install/core/share/core/cmake/core__rosidl_typesupport_introspection_cppExport-noconfig.cmake
-- Installing: /home/jhsrobo/corews/install/core/share/core/cmake/core__rosidl_typesupport_cppExport.cmake
-- Installing: /home/jhsrobo/corews/install/core/share/core/cmake/core__rosidl_typesupport_cppExport-noconfig.cmake
-- Installing: /home/jhsrobo/corews/install/core/share/core/cmake/export_core__rosidl_generator_pyExport.cmake
-- Installing: /home/jhsrobo/corews/install/core/share/core/cmake/export_core__rosidl_generator_pyExport-noconfig.cmake
-- Installing: /home/jhsrobo/corews/install/core/share/core/cmake/rosidl_cmake-extras.cmake
-- Installing: /home/jhsrobo/corews/install/core/share/core/cmake/ament_cmake_export_dependencies-extras.cmake
-- Installing: /home/jhsrobo/corews/install/core/share/core/cmake/ament_cmake_export_include_directories-extras.cmake
-- Installing: /home/jhsrobo/corews/install/core/share/core/cmake/ament_cmake_export_libraries-extras.cmake
-- Installing: /home/jhsrobo/corews/install/core/share/core/cmake/ament_cmake_export_targets-extras.cmake
-- Installing: /home/jhsrobo/corews/install/core/share/core/cmake/rosidl_cmake_export_typesupport_targets-extras.cmake
-- Installing: /home/jhsrobo/corews/install/core/share/core/cmake/rosidl_cmake_export_typesupport_libraries-extras.cmake
-- Installing: /home/jhsrobo/corews/install/core/share/core/cmake/coreConfig.cmake
-- Installing: /home/jhsrobo/corews/install/core/share/core/cmake/coreConfig-version.cmake
-- Installing: /home/jhsrobo/corews/install/core/share/core/package.xml
