[0.011s] Invoking command in '/home/jhsrobo/corews/build/core': CMAKE_PREFIX_PATH=${CMAKE_PREFIX_PATH}:/home/jhsrobo/corews/install/motion_control:/opt/ros/humble /usr/bin/cmake /home/jhsrobo/corews/src/core -DCMAKE_INSTALL_PREFIX=/home/jhsrobo/corews/install/core
[0.047s] -- The C compiler identification is GNU 11.3.0
[0.081s] -- The CXX compiler identification is GNU 11.3.0
[0.085s] -- Detecting C compiler ABI info
[0.130s] -- Detecting C compiler ABI info - done
[0.135s] -- Check for working C compiler: /usr/bin/cc - skipped
[0.137s] -- Detecting C compile features
[0.138s] -- Detecting C compile features - done
[0.141s] -- Detecting CXX compiler ABI info
[0.189s] -- Detecting CXX compiler ABI info - done
[0.193s] -- Check for working CXX compiler: /usr/bin/c++ - skipped
[0.193s] -- Detecting CXX compile features
[0.194s] -- Detecting CXX compile features - done
[0.195s] -- Found ament_cmake: 1.3.5 (/opt/ros/humble/share/ament_cmake/cmake)
[0.304s] -- Found Python3: /usr/bin/python3.10 (found version "3.10.6") found components: Interpreter 
[0.360s] -- Found ament_lint_auto: 0.12.6 (/opt/ros/humble/share/ament_lint_auto/cmake)
[0.403s] -- Found std_msgs: 4.2.3 (/opt/ros/humble/share/std_msgs/cmake)
[0.423s] -- Found rosidl_generator_c: 3.1.4 (/opt/ros/humble/share/rosidl_generator_c/cmake)
[0.426s] -- Found rosidl_adapter: 3.1.4 (/opt/ros/humble/share/rosidl_adapter/cmake)
[0.431s] -- Found rosidl_generator_cpp: 3.1.4 (/opt/ros/humble/share/rosidl_generator_cpp/cmake)
[0.439s] -- Using all available rosidl_typesupport_c: rosidl_typesupport_fastrtps_c;rosidl_typesupport_introspection_c
[0.450s] -- Using all available rosidl_typesupport_cpp: rosidl_typesupport_fastrtps_cpp;rosidl_typesupport_introspection_cpp
[0.488s] -- Found rosidl_default_generators: 1.2.0 (/opt/ros/humble/share/rosidl_default_generators/cmake)
[0.617s] -- Found ament_cmake_ros: 0.10.0 (/opt/ros/humble/share/ament_cmake_ros/cmake)
[0.849s] -- Using all available rosidl_typesupport_c: rosidl_typesupport_fastrtps_c;rosidl_typesupport_introspection_c
[0.948s] -- Using all available rosidl_typesupport_cpp: rosidl_typesupport_fastrtps_cpp;rosidl_typesupport_introspection_cpp
[0.963s] -- Found PythonInterp: /usr/bin/python3 (found suitable version "3.10.6", minimum required is "3.6") 
[0.964s] -- Found python_cmake_module: 0.10.0 (/opt/ros/humble/share/python_cmake_module/cmake)
[0.980s] -- Found PythonLibs: /usr/lib/x86_64-linux-gnu/libpython3.10.so (found suitable version "3.10.6", minimum required is "3.5") 
[0.980s] -- Using PYTHON_EXECUTABLE: /usr/bin/python3
[0.980s] -- Using PYTHON_INCLUDE_DIRS: /usr/include/python3.10
[0.980s] -- Using PYTHON_LIBRARIES: /usr/lib/x86_64-linux-gnu/libpython3.10.so
[0.993s] -- Found PythonExtra: .so  
[1.024s] -- Added test 'lint_cmake' to check CMake code style
[1.024s] -- Added test 'xmllint' to check XML markup files
[1.027s] -- Configuring done
[1.045s] -- Generating done
[1.046s] -- Build files have been written to: /home/jhsrobo/corews/build/core
[1.055s] Invoked command in '/home/jhsrobo/corews/build/core' returned '0': CMAKE_PREFIX_PATH=${CMAKE_PREFIX_PATH}:/home/jhsrobo/corews/install/motion_control:/opt/ros/humble /usr/bin/cmake /home/jhsrobo/corews/src/core -DCMAKE_INSTALL_PREFIX=/home/jhsrobo/corews/install/core
[1.056s] Invoking command in '/home/jhsrobo/corews/build/core': CMAKE_PREFIX_PATH=${CMAKE_PREFIX_PATH}:/home/jhsrobo/corews/install/motion_control:/opt/ros/humble /usr/bin/cmake --build /home/jhsrobo/corews/build/core -- -j2 -l2
[1.079s] [  3%] [34m[1mGenerating C code for ROS interfaces[0m
[1.084s] [  6%] [34m[1mGenerating C++ code for ROS interfaces[0m
[1.237s] [  6%] Built target core__cpp
[1.243s] [  9%] [32mBuilding C object CMakeFiles/core__rosidl_generator_c.dir/rosidl_generator_c/core/msg/detail/float32_arr__functions.c.o[0m
[1.252s] [  9%] Built target ament_cmake_python_copy_core
[1.261s] [ 12%] [34m[1mGenerating C++ type support dispatch for ROS interfaces[0m
[1.275s] [ 16%] [32m[1mLinking C shared library libcore__rosidl_generator_c.so[0m
[1.303s] [ 16%] Built target core__rosidl_generator_c
[1.309s] [ 19%] [34m[1mGenerating C++ type support for eProsima Fast-RTPS[0m
[1.391s] [ 22%] [32mBuilding CXX object CMakeFiles/core__rosidl_typesupport_cpp.dir/rosidl_typesupport_cpp/core/msg/float32_arr__type_support.cpp.o[0m
[1.455s] [ 25%] [32mBuilding CXX object CMakeFiles/core__rosidl_typesupport_fastrtps_cpp.dir/rosidl_typesupport_fastrtps_cpp/core/msg/detail/dds_fastrtps/float32_arr__type_support.cpp.o[0m
[1.552s] [ 29%] [32m[1mLinking CXX shared library libcore__rosidl_typesupport_cpp.so[0m
[1.577s] [ 29%] Built target core__rosidl_typesupport_cpp
[1.587s] [ 32%] [34m[1mGenerating C introspection for ROS interfaces[0m
[1.718s] [ 35%] [32m[1mLinking CXX shared library libcore__rosidl_typesupport_fastrtps_cpp.so[0m
[1.734s] [ 38%] [32mBuilding C object CMakeFiles/core__rosidl_typesupport_introspection_c.dir/rosidl_typesupport_introspection_c/core/msg/detail/float32_arr__type_support.c.o[0m
[1.759s] [ 41%] [32m[1mLinking C shared library libcore__rosidl_typesupport_introspection_c.so[0m
[1.768s] [ 41%] Built target core__rosidl_typesupport_fastrtps_cpp
[1.774s] [ 45%] [34m[1mGenerating C type support dispatch for ROS interfaces[0m
[1.780s] [ 45%] Built target core__rosidl_typesupport_introspection_c
[1.785s] [ 48%] [34m[1mGenerating C++ introspection for ROS interfaces[0m
[1.910s] [ 51%] [32mBuilding CXX object CMakeFiles/core__rosidl_typesupport_c.dir/rosidl_typesupport_c/core/msg/float32_arr__type_support.cpp.o[0m
[1.932s] [ 54%] [32m[1mLinking CXX shared library libcore__rosidl_typesupport_c.so[0m
[1.934s] [ 58%] [32mBuilding CXX object CMakeFiles/core__rosidl_typesupport_introspection_cpp.dir/rosidl_typesupport_introspection_cpp/core/msg/detail/float32_arr__type_support.cpp.o[0m
[1.955s] [ 58%] Built target core__rosidl_typesupport_c
[2.109s] running egg_info
[2.110s] creating core.egg-info
[2.110s] writing core.egg-info/PKG-INFO
[2.110s] writing dependency_links to core.egg-info/dependency_links.txt
[2.110s] writing top-level names to core.egg-info/top_level.txt
[2.111s] writing manifest file 'core.egg-info/SOURCES.txt'
[2.114s] reading manifest file 'core.egg-info/SOURCES.txt'
[2.115s] writing manifest file 'core.egg-info/SOURCES.txt'
[2.136s] [ 58%] Built target ament_cmake_python_build_core_egg
[2.141s] [ 61%] [34m[1mGenerating C type support for eProsima Fast-RTPS[0m
[2.181s] [ 64%] [32m[1mLinking CXX shared library libcore__rosidl_typesupport_introspection_cpp.so[0m
[2.231s] [ 64%] Built target core__rosidl_typesupport_introspection_cpp
[2.287s] [ 67%] [32mBuilding CXX object CMakeFiles/core__rosidl_typesupport_fastrtps_c.dir/rosidl_typesupport_fastrtps_c/core/msg/detail/float32_arr__type_support_c.cpp.o[0m
[2.508s] [ 70%] [32m[1mLinking CXX shared library libcore__rosidl_typesupport_fastrtps_c.so[0m
[2.564s] [ 70%] Built target core__rosidl_typesupport_fastrtps_c
[2.575s] [ 70%] Built target core
[2.586s] [ 74%] [34m[1mGenerating Python code for ROS interfaces[0m
[2.772s] [ 74%] Built target core__py
[2.784s] [ 77%] [32mBuilding C object CMakeFiles/core__rosidl_generator_py.dir/rosidl_generator_py/core/msg/_float32_arr_s.c.o[0m
[2.874s] [ 80%] [32m[1mLinking C shared library rosidl_generator_py/core/libcore__rosidl_generator_py.so[0m
[2.901s] [ 80%] Built target core__rosidl_generator_py
[2.915s] [ 83%] [32mBuilding C object CMakeFiles/core__rosidl_typesupport_introspection_c__pyext.dir/rosidl_generator_py/core/_core_s.ep.rosidl_typesupport_introspection_c.c.o[0m
[2.915s] [ 87%] [32mBuilding C object CMakeFiles/core__rosidl_typesupport_fastrtps_c__pyext.dir/rosidl_generator_py/core/_core_s.ep.rosidl_typesupport_fastrtps_c.c.o[0m
[2.975s] [ 90%] [32m[1mLinking C shared library rosidl_generator_py/core/core_s__rosidl_typesupport_fastrtps_c.cpython-310-x86_64-linux-gnu.so[0m
[2.976s] [ 93%] [32m[1mLinking C shared library rosidl_generator_py/core/core_s__rosidl_typesupport_introspection_c.cpython-310-x86_64-linux-gnu.so[0m
[3.001s] [ 93%] Built target core__rosidl_typesupport_introspection_c__pyext
[3.003s] [ 93%] Built target core__rosidl_typesupport_fastrtps_c__pyext
[3.015s] [ 96%] [32mBuilding C object CMakeFiles/core__rosidl_typesupport_c__pyext.dir/rosidl_generator_py/core/_core_s.ep.rosidl_typesupport_c.c.o[0m
[3.077s] [100%] [32m[1mLinking C shared library rosidl_generator_py/core/core_s__rosidl_typesupport_c.cpython-310-x86_64-linux-gnu.so[0m
[3.102s] [100%] Built target core__rosidl_typesupport_c__pyext
[3.110s] Invoked command in '/home/jhsrobo/corews/build/core' returned '0': CMAKE_PREFIX_PATH=${CMAKE_PREFIX_PATH}:/home/jhsrobo/corews/install/motion_control:/opt/ros/humble /usr/bin/cmake --build /home/jhsrobo/corews/build/core -- -j2 -l2
[3.150s] Invoking command in '/home/jhsrobo/corews/build/core': CMAKE_PREFIX_PATH=${CMAKE_PREFIX_PATH}:/home/jhsrobo/corews/install/motion_control:/opt/ros/humble /usr/bin/cmake --install /home/jhsrobo/corews/build/core
[3.155s] -- Install configuration: ""
[3.155s] -- Installing: /home/jhsrobo/corews/install/core/share/core//launch
[3.155s] -- Installing: /home/jhsrobo/corews/install/core/share/core//launch/opside.yaml
[3.155s] -- Installing: /home/jhsrobo/corews/install/core/share/core//launch/topside.yaml
[3.155s] -- Installing: /home/jhsrobo/corews/install/core/share/core//launch/bottomside.yaml
[3.156s] -- Installing: /home/jhsrobo/corews/install/core/share/ament_index/resource_index/rosidl_interfaces/core
[3.156s] -- Installing: /home/jhsrobo/corews/install/core/include/core/core
[3.156s] -- Installing: /home/jhsrobo/corews/install/core/include/core/core/msg
[3.156s] -- Installing: /home/jhsrobo/corews/install/core/include/core/core/msg/rosidl_generator_c__visibility_control.h
[3.156s] -- Installing: /home/jhsrobo/corews/install/core/include/core/core/msg/float32_arr.h
[3.156s] -- Installing: /home/jhsrobo/corews/install/core/include/core/core/msg/detail
[3.156s] -- Installing: /home/jhsrobo/corews/install/core/include/core/core/msg/detail/float32_arr__struct.h
[3.156s] -- Installing: /home/jhsrobo/corews/install/core/include/core/core/msg/detail/float32_arr__functions.c
[3.157s] -- Installing: /home/jhsrobo/corews/install/core/include/core/core/msg/detail/float32_arr__type_support.h
[3.157s] -- Installing: /home/jhsrobo/corews/install/core/include/core/core/msg/detail/float32_arr__functions.h
[3.157s] -- Installing: /home/jhsrobo/corews/install/core/share/core/environment/library_path.sh
[3.157s] -- Installing: /home/jhsrobo/corews/install/core/share/core/environment/library_path.dsv
[3.157s] -- Installing: /home/jhsrobo/corews/install/core/lib/libcore__rosidl_generator_c.so
[3.157s] -- Set runtime path of "/home/jhsrobo/corews/install/core/lib/libcore__rosidl_generator_c.so" to ""
[3.158s] -- Up-to-date: /home/jhsrobo/corews/install/core/include/core/core
[3.158s] -- Up-to-date: /home/jhsrobo/corews/install/core/include/core/core/msg
[3.158s] -- Up-to-date: /home/jhsrobo/corews/install/core/include/core/core/msg/detail
[3.158s] -- Installing: /home/jhsrobo/corews/install/core/include/core/core/msg/detail/float32_arr__rosidl_typesupport_fastrtps_c.h
[3.158s] -- Installing: /home/jhsrobo/corews/install/core/include/core/core/msg/rosidl_typesupport_fastrtps_c__visibility_control.h
[3.158s] -- Installing: /home/jhsrobo/corews/install/core/lib/libcore__rosidl_typesupport_fastrtps_c.so
[3.158s] -- Set runtime path of "/home/jhsrobo/corews/install/core/lib/libcore__rosidl_typesupport_fastrtps_c.so" to ""
[3.158s] -- Up-to-date: /home/jhsrobo/corews/install/core/include/core/core
[3.158s] -- Up-to-date: /home/jhsrobo/corews/install/core/include/core/core/msg
[3.159s] -- Installing: /home/jhsrobo/corews/install/core/include/core/core/msg/float32_arr.hpp
[3.159s] -- Up-to-date: /home/jhsrobo/corews/install/core/include/core/core/msg/detail
[3.159s] -- Installing: /home/jhsrobo/corews/install/core/include/core/core/msg/detail/float32_arr__traits.hpp
[3.159s] -- Installing: /home/jhsrobo/corews/install/core/include/core/core/msg/detail/float32_arr__struct.hpp
[3.159s] -- Installing: /home/jhsrobo/corews/install/core/include/core/core/msg/detail/float32_arr__builder.hpp
[3.159s] -- Up-to-date: /home/jhsrobo/corews/install/core/include/core/core
[3.159s] -- Up-to-date: /home/jhsrobo/corews/install/core/include/core/core/msg
[3.159s] -- Installing: /home/jhsrobo/corews/install/core/include/core/core/msg/rosidl_typesupport_fastrtps_cpp__visibility_control.h
[3.159s] -- Up-to-date: /home/jhsrobo/corews/install/core/include/core/core/msg/detail
[3.159s] -- Installing: /home/jhsrobo/corews/install/core/include/core/core/msg/detail/dds_fastrtps
[3.160s] -- Installing: /home/jhsrobo/corews/install/core/include/core/core/msg/detail/float32_arr__rosidl_typesupport_fastrtps_cpp.hpp
[3.160s] -- Installing: /home/jhsrobo/corews/install/core/lib/libcore__rosidl_typesupport_fastrtps_cpp.so
[3.160s] -- Set runtime path of "/home/jhsrobo/corews/install/core/lib/libcore__rosidl_typesupport_fastrtps_cpp.so" to ""
[3.160s] -- Up-to-date: /home/jhsrobo/corews/install/core/include/core/core
[3.160s] -- Up-to-date: /home/jhsrobo/corews/install/core/include/core/core/msg
[3.160s] -- Up-to-date: /home/jhsrobo/corews/install/core/include/core/core/msg/detail
[3.160s] -- Installing: /home/jhsrobo/corews/install/core/include/core/core/msg/detail/float32_arr__type_support.c
[3.161s] -- Installing: /home/jhsrobo/corews/install/core/include/core/core/msg/detail/float32_arr__rosidl_typesupport_introspection_c.h
[3.161s] -- Installing: /home/jhsrobo/corews/install/core/include/core/core/msg/rosidl_typesupport_introspection_c__visibility_control.h
[3.161s] -- Installing: /home/jhsrobo/corews/install/core/lib/libcore__rosidl_typesupport_introspection_c.so
[3.161s] -- Set runtime path of "/home/jhsrobo/corews/install/core/lib/libcore__rosidl_typesupport_introspection_c.so" to ""
[3.161s] -- Installing: /home/jhsrobo/corews/install/core/lib/libcore__rosidl_typesupport_c.so
[3.161s] -- Set runtime path of "/home/jhsrobo/corews/install/core/lib/libcore__rosidl_typesupport_c.so" to ""
[3.161s] -- Up-to-date: /home/jhsrobo/corews/install/core/include/core/core
[3.162s] -- Up-to-date: /home/jhsrobo/corews/install/core/include/core/core/msg
[3.162s] -- Up-to-date: /home/jhsrobo/corews/install/core/include/core/core/msg/detail
[3.162s] -- Installing: /home/jhsrobo/corews/install/core/include/core/core/msg/detail/float32_arr__type_support.cpp
[3.162s] -- Installing: /home/jhsrobo/corews/install/core/include/core/core/msg/detail/float32_arr__rosidl_typesupport_introspection_cpp.hpp
[3.162s] -- Installing: /home/jhsrobo/corews/install/core/lib/libcore__rosidl_typesupport_introspection_cpp.so
[3.162s] -- Set runtime path of "/home/jhsrobo/corews/install/core/lib/libcore__rosidl_typesupport_introspection_cpp.so" to ""
[3.162s] -- Installing: /home/jhsrobo/corews/install/core/lib/libcore__rosidl_typesupport_cpp.so
[3.163s] -- Set runtime path of "/home/jhsrobo/corews/install/core/lib/libcore__rosidl_typesupport_cpp.so" to ""
[3.163s] -- Installing: /home/jhsrobo/corews/install/core/share/core/environment/pythonpath.sh
[3.163s] -- Installing: /home/jhsrobo/corews/install/core/share/core/environment/pythonpath.dsv
[3.163s] -- Installing: /home/jhsrobo/corews/install/core/local/lib/python3.10/dist-packages/core-0.0.0-py3.10.egg-info
[3.163s] -- Installing: /home/jhsrobo/corews/install/core/local/lib/python3.10/dist-packages/core-0.0.0-py3.10.egg-info/top_level.txt
[3.163s] -- Installing: /home/jhsrobo/corews/install/core/local/lib/python3.10/dist-packages/core-0.0.0-py3.10.egg-info/PKG-INFO
[3.163s] -- Installing: /home/jhsrobo/corews/install/core/local/lib/python3.10/dist-packages/core-0.0.0-py3.10.egg-info/SOURCES.txt
[3.163s] -- Installing: /home/jhsrobo/corews/install/core/local/lib/python3.10/dist-packages/core-0.0.0-py3.10.egg-info/dependency_links.txt
[3.164s] -- Installing: /home/jhsrobo/corews/install/core/local/lib/python3.10/dist-packages/core
[3.164s] -- Installing: /home/jhsrobo/corews/install/core/local/lib/python3.10/dist-packages/core/core_s__rosidl_typesupport_fastrtps_c.cpython-310-x86_64-linux-gnu.so
[3.164s] -- Installing: /home/jhsrobo/corews/install/core/local/lib/python3.10/dist-packages/core/core_s__rosidl_typesupport_c.cpython-310-x86_64-linux-gnu.so
[3.164s] -- Installing: /home/jhsrobo/corews/install/core/local/lib/python3.10/dist-packages/core/core_s__rosidl_typesupport_introspection_c.cpython-310-x86_64-linux-gnu.so
[3.164s] -- Installing: /home/jhsrobo/corews/install/core/local/lib/python3.10/dist-packages/core/msg
[3.164s] -- Installing: /home/jhsrobo/corews/install/core/local/lib/python3.10/dist-packages/core/msg/__init__.py
[3.164s] -- Installing: /home/jhsrobo/corews/install/core/local/lib/python3.10/dist-packages/core/msg/_float32_arr.py
[3.165s] -- Installing: /home/jhsrobo/corews/install/core/local/lib/python3.10/dist-packages/core/msg/_float32_arr_s.c
[3.165s] -- Installing: /home/jhsrobo/corews/install/core/local/lib/python3.10/dist-packages/core/libcore__rosidl_generator_py.so
[3.165s] -- Installing: /home/jhsrobo/corews/install/core/local/lib/python3.10/dist-packages/core/__init__.py
[3.165s] -- Installing: /home/jhsrobo/corews/install/core/local/lib/python3.10/dist-packages/core/_core_s.ep.rosidl_typesupport_introspection_c.c
[3.165s] -- Installing: /home/jhsrobo/corews/install/core/local/lib/python3.10/dist-packages/core/_core_s.ep.rosidl_typesupport_fastrtps_c.c
[3.165s] -- Installing: /home/jhsrobo/corews/install/core/local/lib/python3.10/dist-packages/core/_core_s.ep.rosidl_typesupport_c.c
[3.185s] Listing '/home/jhsrobo/corews/install/core/local/lib/python3.10/dist-packages/core'...
[3.185s] Compiling '/home/jhsrobo/corews/install/core/local/lib/python3.10/dist-packages/core/__init__.py'...
[3.185s] Listing '/home/jhsrobo/corews/install/core/local/lib/python3.10/dist-packages/core/msg'...
[3.185s] Compiling '/home/jhsrobo/corews/install/core/local/lib/python3.10/dist-packages/core/msg/__init__.py'...
[3.185s] Compiling '/home/jhsrobo/corews/install/core/local/lib/python3.10/dist-packages/core/msg/_float32_arr.py'...
[3.188s] -- Installing: /home/jhsrobo/corews/install/core/local/lib/python3.10/dist-packages/core/core_s__rosidl_typesupport_fastrtps_c.cpython-310-x86_64-linux-gnu.so
[3.188s] -- Set runtime path of "/home/jhsrobo/corews/install/core/local/lib/python3.10/dist-packages/core/core_s__rosidl_typesupport_fastrtps_c.cpython-310-x86_64-linux-gnu.so" to ""
[3.188s] -- Installing: /home/jhsrobo/corews/install/core/local/lib/python3.10/dist-packages/core/core_s__rosidl_typesupport_introspection_c.cpython-310-x86_64-linux-gnu.so
[3.188s] -- Set runtime path of "/home/jhsrobo/corews/install/core/local/lib/python3.10/dist-packages/core/core_s__rosidl_typesupport_introspection_c.cpython-310-x86_64-linux-gnu.so" to ""
[3.189s] -- Installing: /home/jhsrobo/corews/install/core/local/lib/python3.10/dist-packages/core/core_s__rosidl_typesupport_c.cpython-310-x86_64-linux-gnu.so
[3.189s] -- Set runtime path of "/home/jhsrobo/corews/install/core/local/lib/python3.10/dist-packages/core/core_s__rosidl_typesupport_c.cpython-310-x86_64-linux-gnu.so" to ""
[3.189s] -- Installing: /home/jhsrobo/corews/install/core/lib/libcore__rosidl_generator_py.so
[3.189s] -- Set runtime path of "/home/jhsrobo/corews/install/core/lib/libcore__rosidl_generator_py.so" to ""
[3.189s] -- Installing: /home/jhsrobo/corews/install/core/share/core/msg/Float32Arr.idl
[3.189s] -- Installing: /home/jhsrobo/corews/install/core/share/core/msg/Float32Arr.msg
[3.190s] -- Installing: /home/jhsrobo/corews/install/core/share/ament_index/resource_index/package_run_dependencies/core
[3.190s] -- Installing: /home/jhsrobo/corews/install/core/share/ament_index/resource_index/parent_prefix_path/core
[3.190s] -- Installing: /home/jhsrobo/corews/install/core/share/core/environment/ament_prefix_path.sh
[3.190s] -- Installing: /home/jhsrobo/corews/install/core/share/core/environment/ament_prefix_path.dsv
[3.190s] -- Installing: /home/jhsrobo/corews/install/core/share/core/environment/path.sh
[3.190s] -- Installing: /home/jhsrobo/corews/install/core/share/core/environment/path.dsv
[3.191s] -- Installing: /home/jhsrobo/corews/install/core/share/core/local_setup.bash
[3.191s] -- Installing: /home/jhsrobo/corews/install/core/share/core/local_setup.sh
[3.191s] -- Installing: /home/jhsrobo/corews/install/core/share/core/local_setup.zsh
[3.191s] -- Installing: /home/jhsrobo/corews/install/core/share/core/local_setup.dsv
[3.191s] -- Installing: /home/jhsrobo/corews/install/core/share/core/package.dsv
[3.191s] -- Installing: /home/jhsrobo/corews/install/core/share/ament_index/resource_index/packages/core
[3.191s] -- Installing: /home/jhsrobo/corews/install/core/share/core/cmake/export_core__rosidl_generator_cExport.cmake
[3.192s] -- Installing: /home/jhsrobo/corews/install/core/share/core/cmake/export_core__rosidl_generator_cExport-noconfig.cmake
[3.192s] -- Installing: /home/jhsrobo/corews/install/core/share/core/cmake/export_core__rosidl_typesupport_fastrtps_cExport.cmake
[3.192s] -- Installing: /home/jhsrobo/corews/install/core/share/core/cmake/export_core__rosidl_typesupport_fastrtps_cExport-noconfig.cmake
[3.192s] -- Installing: /home/jhsrobo/corews/install/core/share/core/cmake/export_core__rosidl_generator_cppExport.cmake
[3.192s] -- Installing: /home/jhsrobo/corews/install/core/share/core/cmake/export_core__rosidl_typesupport_fastrtps_cppExport.cmake
[3.192s] -- Installing: /home/jhsrobo/corews/install/core/share/core/cmake/export_core__rosidl_typesupport_fastrtps_cppExport-noconfig.cmake
[3.192s] -- Installing: /home/jhsrobo/corews/install/core/share/core/cmake/core__rosidl_typesupport_introspection_cExport.cmake
[3.193s] -- Installing: /home/jhsrobo/corews/install/core/share/core/cmake/core__rosidl_typesupport_introspection_cExport-noconfig.cmake
[3.193s] -- Installing: /home/jhsrobo/corews/install/core/share/core/cmake/core__rosidl_typesupport_cExport.cmake
[3.193s] -- Installing: /home/jhsrobo/corews/install/core/share/core/cmake/core__rosidl_typesupport_cExport-noconfig.cmake
[3.193s] -- Installing: /home/jhsrobo/corews/install/core/share/core/cmake/core__rosidl_typesupport_introspection_cppExport.cmake
[3.193s] -- Installing: /home/jhsrobo/corews/install/core/share/core/cmake/core__rosidl_typesupport_introspection_cppExport-noconfig.cmake
[3.193s] -- Installing: /home/jhsrobo/corews/install/core/share/core/cmake/core__rosidl_typesupport_cppExport.cmake
[3.193s] -- Installing: /home/jhsrobo/corews/install/core/share/core/cmake/core__rosidl_typesupport_cppExport-noconfig.cmake
[3.194s] -- Installing: /home/jhsrobo/corews/install/core/share/core/cmake/export_core__rosidl_generator_pyExport.cmake
[3.194s] -- Installing: /home/jhsrobo/corews/install/core/share/core/cmake/export_core__rosidl_generator_pyExport-noconfig.cmake
[3.194s] -- Installing: /home/jhsrobo/corews/install/core/share/core/cmake/rosidl_cmake-extras.cmake
[3.194s] -- Installing: /home/jhsrobo/corews/install/core/share/core/cmake/ament_cmake_export_dependencies-extras.cmake
[3.194s] -- Installing: /home/jhsrobo/corews/install/core/share/core/cmake/ament_cmake_export_include_directories-extras.cmake
[3.195s] -- Installing: /home/jhsrobo/corews/install/core/share/core/cmake/ament_cmake_export_libraries-extras.cmake
[3.195s] -- Installing: /home/jhsrobo/corews/install/core/share/core/cmake/ament_cmake_export_targets-extras.cmake
[3.195s] -- Installing: /home/jhsrobo/corews/install/core/share/core/cmake/rosidl_cmake_export_typesupport_targets-extras.cmake
[3.195s] -- Installing: /home/jhsrobo/corews/install/core/share/core/cmake/rosidl_cmake_export_typesupport_libraries-extras.cmake
[3.195s] -- Installing: /home/jhsrobo/corews/install/core/share/core/cmake/coreConfig.cmake
[3.195s] -- Installing: /home/jhsrobo/corews/install/core/share/core/cmake/coreConfig-version.cmake
[3.195s] -- Installing: /home/jhsrobo/corews/install/core/share/core/package.xml
[3.197s] Invoked command in '/home/jhsrobo/corews/build/core' returned '0': CMAKE_PREFIX_PATH=${CMAKE_PREFIX_PATH}:/home/jhsrobo/corews/install/motion_control:/opt/ros/humble /usr/bin/cmake --install /home/jhsrobo/corews/build/core
