[0.455s] Invoking command in '/home/jhsrobo/corews/src/motion_control': PYTHONPATH=/home/jhsrobo/corews/build/motion_control/prefix_override:/home/jhsrobo/corews/install/motion_control/lib/python3.10/site-packages:${PYTHONPATH} /usr/bin/python3 setup.py egg_info --egg-base ../../build/motion_control build --build-base /home/jhsrobo/corews/build/motion_control/build install --record /home/jhsrobo/corews/build/motion_control/install.log --single-version-externally-managed
[0.613s] running egg_info
[0.613s] writing ../../build/motion_control/motion_control.egg-info/PKG-INFO
[0.614s] writing dependency_links to ../../build/motion_control/motion_control.egg-info/dependency_links.txt
[0.614s] writing entry points to ../../build/motion_control/motion_control.egg-info/entry_points.txt
[0.615s] writing requirements to ../../build/motion_control/motion_control.egg-info/requires.txt
[0.615s] writing top-level names to ../../build/motion_control/motion_control.egg-info/top_level.txt
[0.617s] reading manifest file '../../build/motion_control/motion_control.egg-info/SOURCES.txt'
[0.617s] adding license file 'LICENSE'
[0.618s] writing manifest file '../../build/motion_control/motion_control.egg-info/SOURCES.txt'
[0.618s] running build
[0.619s] running build_py
[0.619s] copying motion_control/motion_control.py -> /home/jhsrobo/corews/build/motion_control/build/lib/motion_control
[0.620s] running install
[0.620s] running install_lib
[0.621s] copying /home/jhsrobo/corews/build/motion_control/build/lib/motion_control/motion_control.py -> /home/jhsrobo/corews/install/motion_control/lib/python3.10/site-packages/motion_control
[0.622s] byte-compiling /home/jhsrobo/corews/install/motion_control/lib/python3.10/site-packages/motion_control/motion_control.py to motion_control.cpython-310.pyc
[0.623s] running install_data
[0.624s] running install_egg_info
[0.626s] removing '/home/jhsrobo/corews/install/motion_control/lib/python3.10/site-packages/motion_control-0.0.0-py3.10.egg-info' (and everything under it)
[0.628s] Copying ../../build/motion_control/motion_control.egg-info to /home/jhsrobo/corews/install/motion_control/lib/python3.10/site-packages/motion_control-0.0.0-py3.10.egg-info
[0.630s] running install_scripts
[0.643s] Installing motion_control script to /home/jhsrobo/corews/install/motion_control/lib/motion_control
[0.644s] writing list of installed files to '/home/jhsrobo/corews/build/motion_control/install.log'
[0.665s] Invoked command in '/home/jhsrobo/corews/src/motion_control' returned '0': PYTHONPATH=/home/jhsrobo/corews/build/motion_control/prefix_override:/home/jhsrobo/corews/install/motion_control/lib/python3.10/site-packages:${PYTHONPATH} /usr/bin/python3 setup.py egg_info --egg-base ../../build/motion_control build --build-base /home/jhsrobo/corews/build/motion_control/build install --record /home/jhsrobo/corews/build/motion_control/install.log --single-version-externally-managed
