[  3%] Built target core__cpp
[ 12%] Built target core__rosidl_generator_c
[ 22%] Built target core__rosidl_typesupport_cpp
[ 22%] Built target ament_cmake_python_copy_core
[ 32%] Built target core__rosidl_typesupport_fastrtps_c
[ 41%] Built target core__rosidl_typesupport_fastrtps_cpp
[ 51%] Built target core__rosidl_typesupport_introspection_c
[ 70%] Built target core__rosidl_typesupport_introspection_cpp
[ 70%] Built target core__rosidl_typesupport_c
[ 70%] Built target core
[ 74%] Built target core__py
[ 80%] Built target core__rosidl_generator_py
[ 87%] Built target core__rosidl_typesupport_fastrtps_c__pyext
[ 93%] Built target core__rosidl_typesupport_introspection_c__pyext
[100%] Built target core__rosidl_typesupport_c__pyext
running egg_info
writing core.egg-info/PKG-INFO
writing dependency_links to core.egg-info/dependency_links.txt
writing top-level names to core.egg-info/top_level.txt
reading manifest file 'core.egg-info/SOURCES.txt'
writing manifest file 'core.egg-info/SOURCES.txt'
[100%] Built target ament_cmake_python_build_core_egg
-- Install configuration: ""
-- Up-to-date: /home/jhsrobo/corews/install/core/share/core//launch
-- Up-to-date: /home/jhsrobo/corews/install/core/share/core//launch/opside.yaml
-- Up-to-date: /home/jhsrobo/corews/install/core/share/core//launch/topside.yaml
-- Up-to-date: /home/jhsrobo/corews/install/core/share/core//launch/bottomside.yaml
-- Up-to-date: /home/jhsrobo/corews/install/core/share/ament_index/resource_index/rosidl_interfaces/core
-- Up-to-date: /home/jhsrobo/corews/install/core/include/core/core
-- Up-to-date: /home/jhsrobo/corews/install/core/include/core/core/msg
-- Up-to-date: /home/jhsrobo/corews/install/core/include/core/core/msg/rosidl_generator_c__visibility_control.h
-- Up-to-date: /home/jhsrobo/corews/install/core/include/core/core/msg/float32_arr.h
-- Up-to-date: /home/jhsrobo/corews/install/core/include/core/core/msg/detail
-- Up-to-date: /home/jhsrobo/corews/install/core/include/core/core/msg/detail/float32_arr__struct.h
-- Up-to-date: /home/jhsrobo/corews/install/core/include/core/core/msg/detail/float32_arr__functions.c
-- Up-to-date: /home/jhsrobo/corews/install/core/include/core/core/msg/detail/float32_arr__type_support.h
-- Up-to-date: /home/jhsrobo/corews/install/core/include/core/core/msg/detail/float32_arr__functions.h
-- Up-to-date: /home/jhsrobo/corews/install/core/share/core/environment/library_path.sh
-- Up-to-date: /home/jhsrobo/corews/install/core/share/core/environment/library_path.dsv
-- Up-to-date: /home/jhsrobo/corews/install/core/lib/libcore__rosidl_generator_c.so
-- Up-to-date: /home/jhsrobo/corews/install/core/include/core/core
-- Up-to-date: /home/jhsrobo/corews/install/core/include/core/core/msg
-- Up-to-date: /home/jhsrobo/corews/install/core/include/core/core/msg/detail
-- Up-to-date: /home/jhsrobo/corews/install/core/include/core/core/msg/detail/float32_arr__rosidl_typesupport_fastrtps_c.h
-- Up-to-date: /home/jhsrobo/corews/install/core/include/core/core/msg/rosidl_typesupport_fastrtps_c__visibility_control.h
-- Up-to-date: /home/jhsrobo/corews/install/core/lib/libcore__rosidl_typesupport_fastrtps_c.so
-- Up-to-date: /home/jhsrobo/corews/install/core/include/core/core
-- Up-to-date: /home/jhsrobo/corews/install/core/include/core/core/msg
-- Up-to-date: /home/jhsrobo/corews/install/core/include/core/core/msg/float32_arr.hpp
-- Up-to-date: /home/jhsrobo/corews/install/core/include/core/core/msg/detail
-- Up-to-date: /home/jhsrobo/corews/install/core/include/core/core/msg/detail/float32_arr__traits.hpp
-- Up-to-date: /home/jhsrobo/corews/install/core/include/core/core/msg/detail/float32_arr__struct.hpp
-- Up-to-date: /home/jhsrobo/corews/install/core/include/core/core/msg/detail/float32_arr__builder.hpp
-- Up-to-date: /home/jhsrobo/corews/install/core/include/core/core
-- Up-to-date: /home/jhsrobo/corews/install/core/include/core/core/msg
-- Up-to-date: /home/jhsrobo/corews/install/core/include/core/core/msg/rosidl_typesupport_fastrtps_cpp__visibility_control.h
-- Up-to-date: /home/jhsrobo/corews/install/core/include/core/core/msg/detail
-- Up-to-date: /home/jhsrobo/corews/install/core/include/core/core/msg/detail/dds_fastrtps
-- Up-to-date: /home/jhsrobo/corews/install/core/include/core/core/msg/detail/float32_arr__rosidl_typesupport_fastrtps_cpp.hpp
-- Up-to-date: /home/jhsrobo/corews/install/core/lib/libcore__rosidl_typesupport_fastrtps_cpp.so
-- Up-to-date: /home/jhsrobo/corews/install/core/include/core/core
-- Up-to-date: /home/jhsrobo/corews/install/core/include/core/core/msg
-- Up-to-date: /home/jhsrobo/corews/install/core/include/core/core/msg/detail
-- Up-to-date: /home/jhsrobo/corews/install/core/include/core/core/msg/detail/float32_arr__type_support.c
-- Up-to-date: /home/jhsrobo/corews/install/core/include/core/core/msg/detail/float32_arr__rosidl_typesupport_introspection_c.h
-- Up-to-date: /home/jhsrobo/corews/install/core/include/core/core/msg/rosidl_typesupport_introspection_c__visibility_control.h
-- Up-to-date: /home/jhsrobo/corews/install/core/lib/libcore__rosidl_typesupport_introspection_c.so
-- Up-to-date: /home/jhsrobo/corews/install/core/lib/libcore__rosidl_typesupport_c.so
-- Up-to-date: /home/jhsrobo/corews/install/core/include/core/core
-- Up-to-date: /home/jhsrobo/corews/install/core/include/core/core/msg
-- Up-to-date: /home/jhsrobo/corews/install/core/include/core/core/msg/detail
-- Up-to-date: /home/jhsrobo/corews/install/core/include/core/core/msg/detail/float32_arr__type_support.cpp
-- Up-to-date: /home/jhsrobo/corews/install/core/include/core/core/msg/detail/float32_arr__rosidl_typesupport_introspection_cpp.hpp
-- Up-to-date: /home/jhsrobo/corews/install/core/lib/libcore__rosidl_typesupport_introspection_cpp.so
-- Up-to-date: /home/jhsrobo/corews/install/core/lib/libcore__rosidl_typesupport_cpp.so
-- Up-to-date: /home/jhsrobo/corews/install/core/share/core/environment/pythonpath.sh
-- Up-to-date: /home/jhsrobo/corews/install/core/share/core/environment/pythonpath.dsv
-- Up-to-date: /home/jhsrobo/corews/install/core/local/lib/python3.10/dist-packages/core-0.0.0-py3.10.egg-info
-- Installing: /home/jhsrobo/corews/install/core/local/lib/python3.10/dist-packages/core-0.0.0-py3.10.egg-info/top_level.txt
-- Installing: /home/jhsrobo/corews/install/core/local/lib/python3.10/dist-packages/core-0.0.0-py3.10.egg-info/PKG-INFO
-- Installing: /home/jhsrobo/corews/install/core/local/lib/python3.10/dist-packages/core-0.0.0-py3.10.egg-info/SOURCES.txt
-- Installing: /home/jhsrobo/corews/install/core/local/lib/python3.10/dist-packages/core-0.0.0-py3.10.egg-info/dependency_links.txt
-- Up-to-date: /home/jhsrobo/corews/install/core/local/lib/python3.10/dist-packages/core
-- Up-to-date: /home/jhsrobo/corews/install/core/local/lib/python3.10/dist-packages/core/core_s__rosidl_typesupport_fastrtps_c.cpython-310-x86_64-linux-gnu.so
-- Up-to-date: /home/jhsrobo/corews/install/core/local/lib/python3.10/dist-packages/core/core_s__rosidl_typesupport_c.cpython-310-x86_64-linux-gnu.so
-- Up-to-date: /home/jhsrobo/corews/install/core/local/lib/python3.10/dist-packages/core/core_s__rosidl_typesupport_introspection_c.cpython-310-x86_64-linux-gnu.so
-- Up-to-date: /home/jhsrobo/corews/install/core/local/lib/python3.10/dist-packages/core/msg
-- Up-to-date: /home/jhsrobo/corews/install/core/local/lib/python3.10/dist-packages/core/msg/__init__.py
-- Up-to-date: /home/jhsrobo/corews/install/core/local/lib/python3.10/dist-packages/core/msg/_float32_arr.py
-- Up-to-date: /home/jhsrobo/corews/install/core/local/lib/python3.10/dist-packages/core/msg/_float32_arr_s.c
-- Up-to-date: /home/jhsrobo/corews/install/core/local/lib/python3.10/dist-packages/core/libcore__rosidl_generator_py.so
-- Up-to-date: /home/jhsrobo/corews/install/core/local/lib/python3.10/dist-packages/core/__init__.py
-- Up-to-date: /home/jhsrobo/corews/install/core/local/lib/python3.10/dist-packages/core/_core_s.ep.rosidl_typesupport_introspection_c.c
-- Up-to-date: /home/jhsrobo/corews/install/core/local/lib/python3.10/dist-packages/core/_core_s.ep.rosidl_typesupport_fastrtps_c.c
-- Up-to-date: /home/jhsrobo/corews/install/core/local/lib/python3.10/dist-packages/core/_core_s.ep.rosidl_typesupport_c.c
Listing '/home/jhsrobo/corews/install/core/local/lib/python3.10/dist-packages/core'...
Listing '/home/jhsrobo/corews/install/core/local/lib/python3.10/dist-packages/core/msg'...
-- Up-to-date: /home/jhsrobo/corews/install/core/local/lib/python3.10/dist-packages/core/core_s__rosidl_typesupport_fastrtps_c.cpython-310-x86_64-linux-gnu.so
-- Up-to-date: /home/jhsrobo/corews/install/core/local/lib/python3.10/dist-packages/core/core_s__rosidl_typesupport_introspection_c.cpython-310-x86_64-linux-gnu.so
-- Up-to-date: /home/jhsrobo/corews/install/core/local/lib/python3.10/dist-packages/core/core_s__rosidl_typesupport_c.cpython-310-x86_64-linux-gnu.so
-- Up-to-date: /home/jhsrobo/corews/install/core/lib/libcore__rosidl_generator_py.so
-- Up-to-date: /home/jhsrobo/corews/install/core/share/core/msg/Float32Arr.idl
-- Up-to-date: /home/jhsrobo/corews/install/core/share/core/msg/Float32Arr.msg
-- Up-to-date: /home/jhsrobo/corews/install/core/share/ament_index/resource_index/package_run_dependencies/core
-- Up-to-date: /home/jhsrobo/corews/install/core/share/ament_index/resource_index/parent_prefix_path/core
-- Up-to-date: /home/jhsrobo/corews/install/core/share/core/environment/ament_prefix_path.sh
-- Up-to-date: /home/jhsrobo/corews/install/core/share/core/environment/ament_prefix_path.dsv
-- Up-to-date: /home/jhsrobo/corews/install/core/share/core/environment/path.sh
-- Up-to-date: /home/jhsrobo/corews/install/core/share/core/environment/path.dsv
-- Up-to-date: /home/jhsrobo/corews/install/core/share/core/local_setup.bash
-- Up-to-date: /home/jhsrobo/corews/install/core/share/core/local_setup.sh
-- Up-to-date: /home/jhsrobo/corews/install/core/share/core/local_setup.zsh
-- Up-to-date: /home/jhsrobo/corews/install/core/share/core/local_setup.dsv
-- Installing: /home/jhsrobo/corews/install/core/share/core/package.dsv
-- Up-to-date: /home/jhsrobo/corews/install/core/share/ament_index/resource_index/packages/core
-- Up-to-date: /home/jhsrobo/corews/install/core/share/core/cmake/export_core__rosidl_generator_cExport.cmake
-- Up-to-date: /home/jhsrobo/corews/install/core/share/core/cmake/export_core__rosidl_generator_cExport-noconfig.cmake
-- Up-to-date: /home/jhsrobo/corews/install/core/share/core/cmake/export_core__rosidl_typesupport_fastrtps_cExport.cmake
-- Up-to-date: /home/jhsrobo/corews/install/core/share/core/cmake/export_core__rosidl_typesupport_fastrtps_cExport-noconfig.cmake
-- Up-to-date: /home/jhsrobo/corews/install/core/share/core/cmake/export_core__rosidl_generator_cppExport.cmake
-- Up-to-date: /home/jhsrobo/corews/install/core/share/core/cmake/export_core__rosidl_typesupport_fastrtps_cppExport.cmake
-- Up-to-date: /home/jhsrobo/corews/install/core/share/core/cmake/export_core__rosidl_typesupport_fastrtps_cppExport-noconfig.cmake
-- Up-to-date: /home/jhsrobo/corews/install/core/share/core/cmake/core__rosidl_typesupport_introspection_cExport.cmake
-- Up-to-date: /home/jhsrobo/corews/install/core/share/core/cmake/core__rosidl_typesupport_introspection_cExport-noconfig.cmake
-- Up-to-date: /home/jhsrobo/corews/install/core/share/core/cmake/core__rosidl_typesupport_cExport.cmake
-- Up-to-date: /home/jhsrobo/corews/install/core/share/core/cmake/core__rosidl_typesupport_cExport-noconfig.cmake
-- Up-to-date: /home/jhsrobo/corews/install/core/share/core/cmake/core__rosidl_typesupport_introspection_cppExport.cmake
-- Up-to-date: /home/jhsrobo/corews/install/core/share/core/cmake/core__rosidl_typesupport_introspection_cppExport-noconfig.cmake
-- Up-to-date: /home/jhsrobo/corews/install/core/share/core/cmake/core__rosidl_typesupport_cppExport.cmake
-- Up-to-date: /home/jhsrobo/corews/install/core/share/core/cmake/core__rosidl_typesupport_cppExport-noconfig.cmake
-- Up-to-date: /home/jhsrobo/corews/install/core/share/core/cmake/export_core__rosidl_generator_pyExport.cmake
-- Up-to-date: /home/jhsrobo/corews/install/core/share/core/cmake/export_core__rosidl_generator_pyExport-noconfig.cmake
-- Up-to-date: /home/jhsrobo/corews/install/core/share/core/cmake/rosidl_cmake-extras.cmake
-- Up-to-date: /home/jhsrobo/corews/install/core/share/core/cmake/ament_cmake_export_dependencies-extras.cmake
-- Up-to-date: /home/jhsrobo/corews/install/core/share/core/cmake/ament_cmake_export_include_directories-extras.cmake
-- Up-to-date: /home/jhsrobo/corews/install/core/share/core/cmake/ament_cmake_export_libraries-extras.cmake
-- Up-to-date: /home/jhsrobo/corews/install/core/share/core/cmake/ament_cmake_export_targets-extras.cmake
-- Up-to-date: /home/jhsrobo/corews/install/core/share/core/cmake/rosidl_cmake_export_typesupport_targets-extras.cmake
-- Up-to-date: /home/jhsrobo/corews/install/core/share/core/cmake/rosidl_cmake_export_typesupport_libraries-extras.cmake
-- Up-to-date: /home/jhsrobo/corews/install/core/share/core/cmake/coreConfig.cmake
-- Up-to-date: /home/jhsrobo/corews/install/core/share/core/cmake/coreConfig-version.cmake
-- Up-to-date: /home/jhsrobo/corews/install/core/share/core/package.xml
