[0.008s] Invoking command in '/home/jhsrobo/corews/build/core': CMAKE_PREFIX_PATH=${CMAKE_PREFIX_PATH}:/home/jhsrobo/corews/install/motion_control:/opt/ros/humble /usr/bin/cmake --build /home/jhsrobo/corews/build/core -- -j2 -l2
[0.051s] [  3%] Built target core__cpp
[0.056s] [ 12%] Built target core__rosidl_generator_c
[0.070s] [ 22%] Built target core__rosidl_typesupport_cpp
[0.075s] [ 22%] Built target ament_cmake_python_copy_core
[0.086s] [ 32%] Built target core__rosidl_typesupport_fastrtps_c
[0.089s] [ 41%] Built target core__rosidl_typesupport_fastrtps_cpp
[0.098s] [ 51%] Built target core__rosidl_typesupport_introspection_c
[0.100s] [ 61%] Built target core__rosidl_typesupport_c
[0.120s] [ 70%] Built target core__rosidl_typesupport_introspection_cpp
[0.140s] [ 70%] Built target core
[0.153s] [ 74%] Built target core__py
[0.166s] [ 80%] Built target core__rosidl_generator_py
[0.178s] [ 87%] Built target core__rosidl_typesupport_fastrtps_c__pyext
[0.189s] [ 93%] Built target core__rosidl_typesupport_introspection_c__pyext
[0.214s] [100%] Built target core__rosidl_typesupport_c__pyext
[0.303s] running egg_info
[0.304s] writing core.egg-info/PKG-INFO
[0.304s] writing dependency_links to core.egg-info/dependency_links.txt
[0.304s] writing top-level names to core.egg-info/top_level.txt
[0.305s] reading manifest file 'core.egg-info/SOURCES.txt'
[0.306s] writing manifest file 'core.egg-info/SOURCES.txt'
[0.326s] [100%] Built target ament_cmake_python_build_core_egg
[0.337s] Invoked command in '/home/jhsrobo/corews/build/core' returned '0': CMAKE_PREFIX_PATH=${CMAKE_PREFIX_PATH}:/home/jhsrobo/corews/install/motion_control:/opt/ros/humble /usr/bin/cmake --build /home/jhsrobo/corews/build/core -- -j2 -l2
[0.378s] Invoking command in '/home/jhsrobo/corews/build/core': CMAKE_PREFIX_PATH=${CMAKE_PREFIX_PATH}:/home/jhsrobo/corews/install/motion_control:/opt/ros/humble /usr/bin/cmake --install /home/jhsrobo/corews/build/core
[0.384s] -- Install configuration: ""
[0.384s] -- Up-to-date: /home/jhsrobo/corews/install/core/share/core//launch
[0.384s] -- Up-to-date: /home/jhsrobo/corews/install/core/share/core//launch/opside.yaml
[0.384s] -- Up-to-date: /home/jhsrobo/corews/install/core/share/core//launch/topside.yaml
[0.385s] -- Up-to-date: /home/jhsrobo/corews/install/core/share/core//launch/bottomside.yaml
[0.385s] -- Up-to-date: /home/jhsrobo/corews/install/core/share/ament_index/resource_index/rosidl_interfaces/core
[0.385s] -- Up-to-date: /home/jhsrobo/corews/install/core/include/core/core
[0.385s] -- Up-to-date: /home/jhsrobo/corews/install/core/include/core/core/msg
[0.385s] -- Up-to-date: /home/jhsrobo/corews/install/core/include/core/core/msg/rosidl_generator_c__visibility_control.h
[0.386s] -- Up-to-date: /home/jhsrobo/corews/install/core/include/core/core/msg/float32_arr.h
[0.386s] -- Up-to-date: /home/jhsrobo/corews/install/core/include/core/core/msg/detail
[0.386s] -- Up-to-date: /home/jhsrobo/corews/install/core/include/core/core/msg/detail/float32_arr__struct.h
[0.386s] -- Up-to-date: /home/jhsrobo/corews/install/core/include/core/core/msg/detail/float32_arr__functions.c
[0.386s] -- Up-to-date: /home/jhsrobo/corews/install/core/include/core/core/msg/detail/float32_arr__type_support.h
[0.387s] -- Up-to-date: /home/jhsrobo/corews/install/core/include/core/core/msg/detail/float32_arr__functions.h
[0.387s] -- Up-to-date: /home/jhsrobo/corews/install/core/share/core/environment/library_path.sh
[0.387s] -- Up-to-date: /home/jhsrobo/corews/install/core/share/core/environment/library_path.dsv
[0.387s] -- Up-to-date: /home/jhsrobo/corews/install/core/lib/libcore__rosidl_generator_c.so
[0.388s] -- Up-to-date: /home/jhsrobo/corews/install/core/include/core/core
[0.388s] -- Up-to-date: /home/jhsrobo/corews/install/core/include/core/core/msg
[0.388s] -- Up-to-date: /home/jhsrobo/corews/install/core/include/core/core/msg/detail
[0.388s] -- Up-to-date: /home/jhsrobo/corews/install/core/include/core/core/msg/detail/float32_arr__rosidl_typesupport_fastrtps_c.h
[0.389s] -- Up-to-date: /home/jhsrobo/corews/install/core/include/core/core/msg/rosidl_typesupport_fastrtps_c__visibility_control.h
[0.389s] -- Up-to-date: /home/jhsrobo/corews/install/core/lib/libcore__rosidl_typesupport_fastrtps_c.so
[0.389s] -- Up-to-date: /home/jhsrobo/corews/install/core/include/core/core
[0.389s] -- Up-to-date: /home/jhsrobo/corews/install/core/include/core/core/msg
[0.390s] -- Up-to-date: /home/jhsrobo/corews/install/core/include/core/core/msg/float32_arr.hpp
[0.390s] -- Up-to-date: /home/jhsrobo/corews/install/core/include/core/core/msg/detail
[0.390s] -- Up-to-date: /home/jhsrobo/corews/install/core/include/core/core/msg/detail/float32_arr__traits.hpp
[0.390s] -- Up-to-date: /home/jhsrobo/corews/install/core/include/core/core/msg/detail/float32_arr__struct.hpp
[0.390s] -- Up-to-date: /home/jhsrobo/corews/install/core/include/core/core/msg/detail/float32_arr__builder.hpp
[0.390s] -- Up-to-date: /home/jhsrobo/corews/install/core/include/core/core
[0.390s] -- Up-to-date: /home/jhsrobo/corews/install/core/include/core/core/msg
[0.390s] -- Up-to-date: /home/jhsrobo/corews/install/core/include/core/core/msg/rosidl_typesupport_fastrtps_cpp__visibility_control.h
[0.390s] -- Up-to-date: /home/jhsrobo/corews/install/core/include/core/core/msg/detail
[0.390s] -- Up-to-date: /home/jhsrobo/corews/install/core/include/core/core/msg/detail/dds_fastrtps
[0.390s] -- Up-to-date: /home/jhsrobo/corews/install/core/include/core/core/msg/detail/float32_arr__rosidl_typesupport_fastrtps_cpp.hpp
[0.391s] -- Up-to-date: /home/jhsrobo/corews/install/core/lib/libcore__rosidl_typesupport_fastrtps_cpp.so
[0.391s] -- Up-to-date: /home/jhsrobo/corews/install/core/include/core/core
[0.391s] -- Up-to-date: /home/jhsrobo/corews/install/core/include/core/core/msg
[0.391s] -- Up-to-date: /home/jhsrobo/corews/install/core/include/core/core/msg/detail
[0.391s] -- Up-to-date: /home/jhsrobo/corews/install/core/include/core/core/msg/detail/float32_arr__type_support.c
[0.391s] -- Up-to-date: /home/jhsrobo/corews/install/core/include/core/core/msg/detail/float32_arr__rosidl_typesupport_introspection_c.h
[0.391s] -- Up-to-date: /home/jhsrobo/corews/install/core/include/core/core/msg/rosidl_typesupport_introspection_c__visibility_control.h
[0.391s] -- Up-to-date: /home/jhsrobo/corews/install/core/lib/libcore__rosidl_typesupport_introspection_c.so
[0.392s] -- Up-to-date: /home/jhsrobo/corews/install/core/lib/libcore__rosidl_typesupport_c.so
[0.392s] -- Up-to-date: /home/jhsrobo/corews/install/core/include/core/core
[0.392s] -- Up-to-date: /home/jhsrobo/corews/install/core/include/core/core/msg
[0.392s] -- Up-to-date: /home/jhsrobo/corews/install/core/include/core/core/msg/detail
[0.392s] -- Up-to-date: /home/jhsrobo/corews/install/core/include/core/core/msg/detail/float32_arr__type_support.cpp
[0.392s] -- Up-to-date: /home/jhsrobo/corews/install/core/include/core/core/msg/detail/float32_arr__rosidl_typesupport_introspection_cpp.hpp
[0.392s] -- Up-to-date: /home/jhsrobo/corews/install/core/lib/libcore__rosidl_typesupport_introspection_cpp.so
[0.392s] -- Up-to-date: /home/jhsrobo/corews/install/core/lib/libcore__rosidl_typesupport_cpp.so
[0.393s] -- Up-to-date: /home/jhsrobo/corews/install/core/share/core/environment/pythonpath.sh
[0.393s] -- Up-to-date: /home/jhsrobo/corews/install/core/share/core/environment/pythonpath.dsv
[0.393s] -- Up-to-date: /home/jhsrobo/corews/install/core/local/lib/python3.10/dist-packages/core-0.0.0-py3.10.egg-info
[0.393s] -- Installing: /home/jhsrobo/corews/install/core/local/lib/python3.10/dist-packages/core-0.0.0-py3.10.egg-info/top_level.txt
[0.393s] -- Installing: /home/jhsrobo/corews/install/core/local/lib/python3.10/dist-packages/core-0.0.0-py3.10.egg-info/PKG-INFO
[0.393s] -- Installing: /home/jhsrobo/corews/install/core/local/lib/python3.10/dist-packages/core-0.0.0-py3.10.egg-info/SOURCES.txt
[0.393s] -- Installing: /home/jhsrobo/corews/install/core/local/lib/python3.10/dist-packages/core-0.0.0-py3.10.egg-info/dependency_links.txt
[0.394s] -- Up-to-date: /home/jhsrobo/corews/install/core/local/lib/python3.10/dist-packages/core
[0.394s] -- Up-to-date: /home/jhsrobo/corews/install/core/local/lib/python3.10/dist-packages/core/core_s__rosidl_typesupport_fastrtps_c.cpython-310-x86_64-linux-gnu.so
[0.394s] -- Up-to-date: /home/jhsrobo/corews/install/core/local/lib/python3.10/dist-packages/core/core_s__rosidl_typesupport_c.cpython-310-x86_64-linux-gnu.so
[0.394s] -- Up-to-date: /home/jhsrobo/corews/install/core/local/lib/python3.10/dist-packages/core/core_s__rosidl_typesupport_introspection_c.cpython-310-x86_64-linux-gnu.so
[0.394s] -- Up-to-date: /home/jhsrobo/corews/install/core/local/lib/python3.10/dist-packages/core/msg
[0.394s] -- Up-to-date: /home/jhsrobo/corews/install/core/local/lib/python3.10/dist-packages/core/msg/__init__.py
[0.394s] -- Up-to-date: /home/jhsrobo/corews/install/core/local/lib/python3.10/dist-packages/core/msg/_float32_arr.py
[0.394s] -- Up-to-date: /home/jhsrobo/corews/install/core/local/lib/python3.10/dist-packages/core/msg/_float32_arr_s.c
[0.394s] -- Up-to-date: /home/jhsrobo/corews/install/core/local/lib/python3.10/dist-packages/core/libcore__rosidl_generator_py.so
[0.394s] -- Up-to-date: /home/jhsrobo/corews/install/core/local/lib/python3.10/dist-packages/core/__init__.py
[0.394s] -- Up-to-date: /home/jhsrobo/corews/install/core/local/lib/python3.10/dist-packages/core/_core_s.ep.rosidl_typesupport_introspection_c.c
[0.394s] -- Up-to-date: /home/jhsrobo/corews/install/core/local/lib/python3.10/dist-packages/core/_core_s.ep.rosidl_typesupport_fastrtps_c.c
[0.395s] -- Up-to-date: /home/jhsrobo/corews/install/core/local/lib/python3.10/dist-packages/core/_core_s.ep.rosidl_typesupport_c.c
[0.416s] Listing '/home/jhsrobo/corews/install/core/local/lib/python3.10/dist-packages/core'...
[0.417s] Listing '/home/jhsrobo/corews/install/core/local/lib/python3.10/dist-packages/core/msg'...
[0.420s] -- Up-to-date: /home/jhsrobo/corews/install/core/local/lib/python3.10/dist-packages/core/core_s__rosidl_typesupport_fastrtps_c.cpython-310-x86_64-linux-gnu.so
[0.420s] -- Up-to-date: /home/jhsrobo/corews/install/core/local/lib/python3.10/dist-packages/core/core_s__rosidl_typesupport_introspection_c.cpython-310-x86_64-linux-gnu.so
[0.421s] -- Up-to-date: /home/jhsrobo/corews/install/core/local/lib/python3.10/dist-packages/core/core_s__rosidl_typesupport_c.cpython-310-x86_64-linux-gnu.so
[0.421s] -- Up-to-date: /home/jhsrobo/corews/install/core/lib/libcore__rosidl_generator_py.so
[0.421s] -- Up-to-date: /home/jhsrobo/corews/install/core/share/core/msg/Float32Arr.idl
[0.422s] -- Up-to-date: /home/jhsrobo/corews/install/core/share/core/msg/Float32Arr.msg
[0.422s] -- Up-to-date: /home/jhsrobo/corews/install/core/share/ament_index/resource_index/package_run_dependencies/core
[0.422s] -- Up-to-date: /home/jhsrobo/corews/install/core/share/ament_index/resource_index/parent_prefix_path/core
[0.422s] -- Up-to-date: /home/jhsrobo/corews/install/core/share/core/environment/ament_prefix_path.sh
[0.422s] -- Up-to-date: /home/jhsrobo/corews/install/core/share/core/environment/ament_prefix_path.dsv
[0.422s] -- Up-to-date: /home/jhsrobo/corews/install/core/share/core/environment/path.sh
[0.422s] -- Up-to-date: /home/jhsrobo/corews/install/core/share/core/environment/path.dsv
[0.422s] -- Up-to-date: /home/jhsrobo/corews/install/core/share/core/local_setup.bash
[0.422s] -- Up-to-date: /home/jhsrobo/corews/install/core/share/core/local_setup.sh
[0.422s] -- Up-to-date: /home/jhsrobo/corews/install/core/share/core/local_setup.zsh
[0.423s] -- Up-to-date: /home/jhsrobo/corews/install/core/share/core/local_setup.dsv
[0.423s] -- Installing: /home/jhsrobo/corews/install/core/share/core/package.dsv
[0.423s] -- Up-to-date: /home/jhsrobo/corews/install/core/share/ament_index/resource_index/packages/core
[0.423s] -- Up-to-date: /home/jhsrobo/corews/install/core/share/core/cmake/export_core__rosidl_generator_cExport.cmake
[0.423s] -- Up-to-date: /home/jhsrobo/corews/install/core/share/core/cmake/export_core__rosidl_generator_cExport-noconfig.cmake
[0.423s] -- Up-to-date: /home/jhsrobo/corews/install/core/share/core/cmake/export_core__rosidl_typesupport_fastrtps_cExport.cmake
[0.423s] -- Up-to-date: /home/jhsrobo/corews/install/core/share/core/cmake/export_core__rosidl_typesupport_fastrtps_cExport-noconfig.cmake
[0.424s] -- Up-to-date: /home/jhsrobo/corews/install/core/share/core/cmake/export_core__rosidl_generator_cppExport.cmake
[0.424s] -- Up-to-date: /home/jhsrobo/corews/install/core/share/core/cmake/export_core__rosidl_typesupport_fastrtps_cppExport.cmake
[0.424s] -- Up-to-date: /home/jhsrobo/corews/install/core/share/core/cmake/export_core__rosidl_typesupport_fastrtps_cppExport-noconfig.cmake
[0.424s] -- Up-to-date: /home/jhsrobo/corews/install/core/share/core/cmake/core__rosidl_typesupport_introspection_cExport.cmake
[0.424s] -- Up-to-date: /home/jhsrobo/corews/install/core/share/core/cmake/core__rosidl_typesupport_introspection_cExport-noconfig.cmake
[0.424s] -- Up-to-date: /home/jhsrobo/corews/install/core/share/core/cmake/core__rosidl_typesupport_cExport.cmake
[0.424s] -- Up-to-date: /home/jhsrobo/corews/install/core/share/core/cmake/core__rosidl_typesupport_cExport-noconfig.cmake
[0.424s] -- Up-to-date: /home/jhsrobo/corews/install/core/share/core/cmake/core__rosidl_typesupport_introspection_cppExport.cmake
[0.424s] -- Up-to-date: /home/jhsrobo/corews/install/core/share/core/cmake/core__rosidl_typesupport_introspection_cppExport-noconfig.cmake
[0.425s] -- Up-to-date: /home/jhsrobo/corews/install/core/share/core/cmake/core__rosidl_typesupport_cppExport.cmake
[0.425s] -- Up-to-date: /home/jhsrobo/corews/install/core/share/core/cmake/core__rosidl_typesupport_cppExport-noconfig.cmake
[0.425s] -- Up-to-date: /home/jhsrobo/corews/install/core/share/core/cmake/export_core__rosidl_generator_pyExport.cmake
[0.425s] -- Up-to-date: /home/jhsrobo/corews/install/core/share/core/cmake/export_core__rosidl_generator_pyExport-noconfig.cmake
[0.425s] -- Up-to-date: /home/jhsrobo/corews/install/core/share/core/cmake/rosidl_cmake-extras.cmake
[0.425s] -- Up-to-date: /home/jhsrobo/corews/install/core/share/core/cmake/ament_cmake_export_dependencies-extras.cmake
[0.425s] -- Up-to-date: /home/jhsrobo/corews/install/core/share/core/cmake/ament_cmake_export_include_directories-extras.cmake
[0.425s] -- Up-to-date: /home/jhsrobo/corews/install/core/share/core/cmake/ament_cmake_export_libraries-extras.cmake
[0.425s] -- Up-to-date: /home/jhsrobo/corews/install/core/share/core/cmake/ament_cmake_export_targets-extras.cmake
[0.425s] -- Up-to-date: /home/jhsrobo/corews/install/core/share/core/cmake/rosidl_cmake_export_typesupport_targets-extras.cmake
[0.426s] -- Up-to-date: /home/jhsrobo/corews/install/core/share/core/cmake/rosidl_cmake_export_typesupport_libraries-extras.cmake
[0.426s] -- Up-to-date: /home/jhsrobo/corews/install/core/share/core/cmake/coreConfig.cmake
[0.426s] -- Up-to-date: /home/jhsrobo/corews/install/core/share/core/cmake/coreConfig-version.cmake
[0.426s] -- Up-to-date: /home/jhsrobo/corews/install/core/share/core/package.xml
[0.429s] Invoked command in '/home/jhsrobo/corews/build/core' returned '0': CMAKE_PREFIX_PATH=${CMAKE_PREFIX_PATH}:/home/jhsrobo/corews/install/motion_control:/opt/ros/humble /usr/bin/cmake --install /home/jhsrobo/corews/build/core
