[0.009s] Invoking command in '/home/jhsrobo/corews/build/core': CMAKE_PREFIX_PATH=${CMAKE_PREFIX_PATH}:/home/jhsrobo/corews/install/motion_control:/opt/ros/humble /usr/bin/cmake --build /home/jhsrobo/corews/build/core -- -j2 -l2
[0.045s] [  9%] Built target core__cpp
[0.045s] [ 12%] Built target core__rosidl_generator_c
[0.058s] [ 22%] Built target core__rosidl_typesupport_cpp
[0.062s] [ 22%] Built target ament_cmake_python_copy_core
[0.070s] [ 32%] Built target core__rosidl_typesupport_fastrtps_c
[0.074s] [ 41%] Built target core__rosidl_typesupport_fastrtps_cpp
[0.082s] [ 51%] Built target core__rosidl_typesupport_introspection_c
[0.085s] [ 61%] Built target core__rosidl_typesupport_c
[0.094s] [ 70%] Built target core__rosidl_typesupport_introspection_cpp
[0.105s] [ 70%] Built target core
[0.116s] [ 74%] Built target core__py
[0.132s] [ 80%] Built target core__rosidl_generator_py
[0.148s] [ 87%] Built target core__rosidl_typesupport_fastrtps_c__pyext
[0.162s] [ 93%] Built target core__rosidl_typesupport_introspection_c__pyext
[0.174s] [100%] Built target core__rosidl_typesupport_c__pyext
[0.247s] running egg_info
[0.249s] writing core.egg-info/PKG-INFO
[0.250s] writing dependency_links to core.egg-info/dependency_links.txt
[0.250s] writing top-level names to core.egg-info/top_level.txt
[0.253s] reading manifest file 'core.egg-info/SOURCES.txt'
[0.253s] writing manifest file 'core.egg-info/SOURCES.txt'
[0.271s] [100%] Built target ament_cmake_python_build_core_egg
[0.278s] Invoked command in '/home/jhsrobo/corews/build/core' returned '0': CMAKE_PREFIX_PATH=${CMAKE_PREFIX_PATH}:/home/jhsrobo/corews/install/motion_control:/opt/ros/humble /usr/bin/cmake --build /home/jhsrobo/corews/build/core -- -j2 -l2
[0.314s] Invoking command in '/home/jhsrobo/corews/build/core': CMAKE_PREFIX_PATH=${CMAKE_PREFIX_PATH}:/home/jhsrobo/corews/install/motion_control:/opt/ros/humble /usr/bin/cmake --install /home/jhsrobo/corews/build/core
[0.318s] -- Install configuration: ""
[0.318s] -- Up-to-date: /home/jhsrobo/corews/install/core/share/core//launch
[0.319s] -- Up-to-date: /home/jhsrobo/corews/install/core/share/core//launch/opside.yaml
[0.319s] -- Up-to-date: /home/jhsrobo/corews/install/core/share/core//launch/topside.yaml
[0.319s] -- Up-to-date: /home/jhsrobo/corews/install/core/share/core//launch/bottomside.yaml
[0.319s] -- Up-to-date: /home/jhsrobo/corews/install/core/share/ament_index/resource_index/rosidl_interfaces/core
[0.319s] -- Up-to-date: /home/jhsrobo/corews/install/core/include/core/core
[0.319s] -- Up-to-date: /home/jhsrobo/corews/install/core/include/core/core/msg
[0.319s] -- Up-to-date: /home/jhsrobo/corews/install/core/include/core/core/msg/rosidl_generator_c__visibility_control.h
[0.319s] -- Up-to-date: /home/jhsrobo/corews/install/core/include/core/core/msg/float32_arr.h
[0.319s] -- Up-to-date: /home/jhsrobo/corews/install/core/include/core/core/msg/detail
[0.319s] -- Up-to-date: /home/jhsrobo/corews/install/core/include/core/core/msg/detail/float32_arr__struct.h
[0.319s] -- Up-to-date: /home/jhsrobo/corews/install/core/include/core/core/msg/detail/float32_arr__functions.c
[0.319s] -- Up-to-date: /home/jhsrobo/corews/install/core/include/core/core/msg/detail/float32_arr__type_support.h
[0.320s] -- Up-to-date: /home/jhsrobo/corews/install/core/include/core/core/msg/detail/float32_arr__functions.h
[0.320s] -- Up-to-date: /home/jhsrobo/corews/install/core/share/core/environment/library_path.sh
[0.320s] -- Up-to-date: /home/jhsrobo/corews/install/core/share/core/environment/library_path.dsv
[0.320s] -- Up-to-date: /home/jhsrobo/corews/install/core/lib/libcore__rosidl_generator_c.so
[0.320s] -- Up-to-date: /home/jhsrobo/corews/install/core/include/core/core
[0.320s] -- Up-to-date: /home/jhsrobo/corews/install/core/include/core/core/msg
[0.320s] -- Up-to-date: /home/jhsrobo/corews/install/core/include/core/core/msg/detail
[0.321s] -- Up-to-date: /home/jhsrobo/corews/install/core/include/core/core/msg/detail/float32_arr__rosidl_typesupport_fastrtps_c.h
[0.321s] -- Up-to-date: /home/jhsrobo/corews/install/core/include/core/core/msg/rosidl_typesupport_fastrtps_c__visibility_control.h
[0.321s] -- Up-to-date: /home/jhsrobo/corews/install/core/lib/libcore__rosidl_typesupport_fastrtps_c.so
[0.321s] -- Up-to-date: /home/jhsrobo/corews/install/core/include/core/core
[0.321s] -- Up-to-date: /home/jhsrobo/corews/install/core/include/core/core/msg
[0.321s] -- Up-to-date: /home/jhsrobo/corews/install/core/include/core/core/msg/float32_arr.hpp
[0.321s] -- Up-to-date: /home/jhsrobo/corews/install/core/include/core/core/msg/detail
[0.321s] -- Up-to-date: /home/jhsrobo/corews/install/core/include/core/core/msg/detail/float32_arr__traits.hpp
[0.322s] -- Up-to-date: /home/jhsrobo/corews/install/core/include/core/core/msg/detail/float32_arr__struct.hpp
[0.322s] -- Up-to-date: /home/jhsrobo/corews/install/core/include/core/core/msg/detail/float32_arr__builder.hpp
[0.322s] -- Up-to-date: /home/jhsrobo/corews/install/core/include/core/core
[0.322s] -- Up-to-date: /home/jhsrobo/corews/install/core/include/core/core/msg
[0.322s] -- Up-to-date: /home/jhsrobo/corews/install/core/include/core/core/msg/rosidl_typesupport_fastrtps_cpp__visibility_control.h
[0.322s] -- Up-to-date: /home/jhsrobo/corews/install/core/include/core/core/msg/detail
[0.322s] -- Up-to-date: /home/jhsrobo/corews/install/core/include/core/core/msg/detail/dds_fastrtps
[0.322s] -- Up-to-date: /home/jhsrobo/corews/install/core/include/core/core/msg/detail/float32_arr__rosidl_typesupport_fastrtps_cpp.hpp
[0.322s] -- Up-to-date: /home/jhsrobo/corews/install/core/lib/libcore__rosidl_typesupport_fastrtps_cpp.so
[0.323s] -- Up-to-date: /home/jhsrobo/corews/install/core/include/core/core
[0.323s] -- Up-to-date: /home/jhsrobo/corews/install/core/include/core/core/msg
[0.323s] -- Up-to-date: /home/jhsrobo/corews/install/core/include/core/core/msg/detail
[0.323s] -- Up-to-date: /home/jhsrobo/corews/install/core/include/core/core/msg/detail/float32_arr__type_support.c
[0.323s] -- Up-to-date: /home/jhsrobo/corews/install/core/include/core/core/msg/detail/float32_arr__rosidl_typesupport_introspection_c.h
[0.323s] -- Up-to-date: /home/jhsrobo/corews/install/core/include/core/core/msg/rosidl_typesupport_introspection_c__visibility_control.h
[0.323s] -- Up-to-date: /home/jhsrobo/corews/install/core/lib/libcore__rosidl_typesupport_introspection_c.so
[0.323s] -- Up-to-date: /home/jhsrobo/corews/install/core/lib/libcore__rosidl_typesupport_c.so
[0.323s] -- Up-to-date: /home/jhsrobo/corews/install/core/include/core/core
[0.324s] -- Up-to-date: /home/jhsrobo/corews/install/core/include/core/core/msg
[0.324s] -- Up-to-date: /home/jhsrobo/corews/install/core/include/core/core/msg/detail
[0.324s] -- Up-to-date: /home/jhsrobo/corews/install/core/include/core/core/msg/detail/float32_arr__type_support.cpp
[0.324s] -- Up-to-date: /home/jhsrobo/corews/install/core/include/core/core/msg/detail/float32_arr__rosidl_typesupport_introspection_cpp.hpp
[0.324s] -- Up-to-date: /home/jhsrobo/corews/install/core/lib/libcore__rosidl_typesupport_introspection_cpp.so
[0.324s] -- Up-to-date: /home/jhsrobo/corews/install/core/lib/libcore__rosidl_typesupport_cpp.so
[0.325s] -- Up-to-date: /home/jhsrobo/corews/install/core/share/core/environment/pythonpath.sh
[0.325s] -- Up-to-date: /home/jhsrobo/corews/install/core/share/core/environment/pythonpath.dsv
[0.325s] -- Up-to-date: /home/jhsrobo/corews/install/core/local/lib/python3.10/dist-packages/core-0.0.0-py3.10.egg-info
[0.325s] -- Installing: /home/jhsrobo/corews/install/core/local/lib/python3.10/dist-packages/core-0.0.0-py3.10.egg-info/top_level.txt
[0.325s] -- Installing: /home/jhsrobo/corews/install/core/local/lib/python3.10/dist-packages/core-0.0.0-py3.10.egg-info/PKG-INFO
[0.325s] -- Installing: /home/jhsrobo/corews/install/core/local/lib/python3.10/dist-packages/core-0.0.0-py3.10.egg-info/SOURCES.txt
[0.326s] -- Installing: /home/jhsrobo/corews/install/core/local/lib/python3.10/dist-packages/core-0.0.0-py3.10.egg-info/dependency_links.txt
[0.326s] -- Up-to-date: /home/jhsrobo/corews/install/core/local/lib/python3.10/dist-packages/core
[0.326s] -- Up-to-date: /home/jhsrobo/corews/install/core/local/lib/python3.10/dist-packages/core/core_s__rosidl_typesupport_fastrtps_c.cpython-310-x86_64-linux-gnu.so
[0.326s] -- Up-to-date: /home/jhsrobo/corews/install/core/local/lib/python3.10/dist-packages/core/core_s__rosidl_typesupport_c.cpython-310-x86_64-linux-gnu.so
[0.326s] -- Up-to-date: /home/jhsrobo/corews/install/core/local/lib/python3.10/dist-packages/core/core_s__rosidl_typesupport_introspection_c.cpython-310-x86_64-linux-gnu.so
[0.326s] -- Up-to-date: /home/jhsrobo/corews/install/core/local/lib/python3.10/dist-packages/core/msg
[0.326s] -- Up-to-date: /home/jhsrobo/corews/install/core/local/lib/python3.10/dist-packages/core/msg/__init__.py
[0.326s] -- Up-to-date: /home/jhsrobo/corews/install/core/local/lib/python3.10/dist-packages/core/msg/_float32_arr.py
[0.326s] -- Up-to-date: /home/jhsrobo/corews/install/core/local/lib/python3.10/dist-packages/core/msg/_float32_arr_s.c
[0.326s] -- Up-to-date: /home/jhsrobo/corews/install/core/local/lib/python3.10/dist-packages/core/libcore__rosidl_generator_py.so
[0.326s] -- Up-to-date: /home/jhsrobo/corews/install/core/local/lib/python3.10/dist-packages/core/__init__.py
[0.327s] -- Up-to-date: /home/jhsrobo/corews/install/core/local/lib/python3.10/dist-packages/core/_core_s.ep.rosidl_typesupport_introspection_c.c
[0.327s] -- Up-to-date: /home/jhsrobo/corews/install/core/local/lib/python3.10/dist-packages/core/_core_s.ep.rosidl_typesupport_fastrtps_c.c
[0.327s] -- Up-to-date: /home/jhsrobo/corews/install/core/local/lib/python3.10/dist-packages/core/_core_s.ep.rosidl_typesupport_c.c
[0.346s] Listing '/home/jhsrobo/corews/install/core/local/lib/python3.10/dist-packages/core'...
[0.347s] Listing '/home/jhsrobo/corews/install/core/local/lib/python3.10/dist-packages/core/msg'...
[0.348s] -- Up-to-date: /home/jhsrobo/corews/install/core/local/lib/python3.10/dist-packages/core/core_s__rosidl_typesupport_fastrtps_c.cpython-310-x86_64-linux-gnu.so
[0.348s] -- Up-to-date: /home/jhsrobo/corews/install/core/local/lib/python3.10/dist-packages/core/core_s__rosidl_typesupport_introspection_c.cpython-310-x86_64-linux-gnu.so
[0.348s] -- Up-to-date: /home/jhsrobo/corews/install/core/local/lib/python3.10/dist-packages/core/core_s__rosidl_typesupport_c.cpython-310-x86_64-linux-gnu.so
[0.349s] -- Up-to-date: /home/jhsrobo/corews/install/core/lib/libcore__rosidl_generator_py.so
[0.349s] -- Up-to-date: /home/jhsrobo/corews/install/core/share/core/msg/Float32Arr.idl
[0.349s] -- Up-to-date: /home/jhsrobo/corews/install/core/share/core/msg/Float32Arr.msg
[0.349s] -- Up-to-date: /home/jhsrobo/corews/install/core/share/ament_index/resource_index/package_run_dependencies/core
[0.349s] -- Up-to-date: /home/jhsrobo/corews/install/core/share/ament_index/resource_index/parent_prefix_path/core
[0.349s] -- Up-to-date: /home/jhsrobo/corews/install/core/share/core/environment/ament_prefix_path.sh
[0.349s] -- Up-to-date: /home/jhsrobo/corews/install/core/share/core/environment/ament_prefix_path.dsv
[0.349s] -- Up-to-date: /home/jhsrobo/corews/install/core/share/core/environment/path.sh
[0.350s] -- Up-to-date: /home/jhsrobo/corews/install/core/share/core/environment/path.dsv
[0.350s] -- Up-to-date: /home/jhsrobo/corews/install/core/share/core/local_setup.bash
[0.350s] -- Up-to-date: /home/jhsrobo/corews/install/core/share/core/local_setup.sh
[0.350s] -- Up-to-date: /home/jhsrobo/corews/install/core/share/core/local_setup.zsh
[0.350s] -- Up-to-date: /home/jhsrobo/corews/install/core/share/core/local_setup.dsv
[0.350s] -- Installing: /home/jhsrobo/corews/install/core/share/core/package.dsv
[0.350s] -- Up-to-date: /home/jhsrobo/corews/install/core/share/ament_index/resource_index/packages/core
[0.350s] -- Up-to-date: /home/jhsrobo/corews/install/core/share/core/cmake/export_core__rosidl_generator_cExport.cmake
[0.350s] -- Up-to-date: /home/jhsrobo/corews/install/core/share/core/cmake/export_core__rosidl_generator_cExport-noconfig.cmake
[0.351s] -- Up-to-date: /home/jhsrobo/corews/install/core/share/core/cmake/export_core__rosidl_typesupport_fastrtps_cExport.cmake
[0.351s] -- Up-to-date: /home/jhsrobo/corews/install/core/share/core/cmake/export_core__rosidl_typesupport_fastrtps_cExport-noconfig.cmake
[0.351s] -- Up-to-date: /home/jhsrobo/corews/install/core/share/core/cmake/export_core__rosidl_generator_cppExport.cmake
[0.351s] -- Up-to-date: /home/jhsrobo/corews/install/core/share/core/cmake/export_core__rosidl_typesupport_fastrtps_cppExport.cmake
[0.351s] -- Up-to-date: /home/jhsrobo/corews/install/core/share/core/cmake/export_core__rosidl_typesupport_fastrtps_cppExport-noconfig.cmake
[0.351s] -- Up-to-date: /home/jhsrobo/corews/install/core/share/core/cmake/core__rosidl_typesupport_introspection_cExport.cmake
[0.351s] -- Up-to-date: /home/jhsrobo/corews/install/core/share/core/cmake/core__rosidl_typesupport_introspection_cExport-noconfig.cmake
[0.351s] -- Up-to-date: /home/jhsrobo/corews/install/core/share/core/cmake/core__rosidl_typesupport_cExport.cmake
[0.351s] -- Up-to-date: /home/jhsrobo/corews/install/core/share/core/cmake/core__rosidl_typesupport_cExport-noconfig.cmake
[0.352s] -- Up-to-date: /home/jhsrobo/corews/install/core/share/core/cmake/core__rosidl_typesupport_introspection_cppExport.cmake
[0.352s] -- Up-to-date: /home/jhsrobo/corews/install/core/share/core/cmake/core__rosidl_typesupport_introspection_cppExport-noconfig.cmake
[0.352s] -- Up-to-date: /home/jhsrobo/corews/install/core/share/core/cmake/core__rosidl_typesupport_cppExport.cmake
[0.352s] -- Up-to-date: /home/jhsrobo/corews/install/core/share/core/cmake/core__rosidl_typesupport_cppExport-noconfig.cmake
[0.352s] -- Up-to-date: /home/jhsrobo/corews/install/core/share/core/cmake/export_core__rosidl_generator_pyExport.cmake
[0.352s] -- Up-to-date: /home/jhsrobo/corews/install/core/share/core/cmake/export_core__rosidl_generator_pyExport-noconfig.cmake
[0.352s] -- Up-to-date: /home/jhsrobo/corews/install/core/share/core/cmake/rosidl_cmake-extras.cmake
[0.354s] -- Up-to-date: /home/jhsrobo/corews/install/core/share/core/cmake/ament_cmake_export_dependencies-extras.cmake
[0.354s] -- Up-to-date: /home/jhsrobo/corews/install/core/share/core/cmake/ament_cmake_export_include_directories-extras.cmake
[0.354s] -- Up-to-date: /home/jhsrobo/corews/install/core/share/core/cmake/ament_cmake_export_libraries-extras.cmake
[0.355s] -- Up-to-date: /home/jhsrobo/corews/install/core/share/core/cmake/ament_cmake_export_targets-extras.cmake
[0.355s] -- Up-to-date: /home/jhsrobo/corews/install/core/share/core/cmake/rosidl_cmake_export_typesupport_targets-extras.cmake
[0.355s] -- Up-to-date: /home/jhsrobo/corews/install/core/share/core/cmake/rosidl_cmake_export_typesupport_libraries-extras.cmake
[0.355s] -- Up-to-date: /home/jhsrobo/corews/install/core/share/core/cmake/coreConfig.cmake
[0.355s] -- Up-to-date: /home/jhsrobo/corews/install/core/share/core/cmake/coreConfig-version.cmake
[0.355s] -- Up-to-date: /home/jhsrobo/corews/install/core/share/core/package.xml
[0.358s] Invoked command in '/home/jhsrobo/corews/build/core' returned '0': CMAKE_PREFIX_PATH=${CMAKE_PREFIX_PATH}:/home/jhsrobo/corews/install/motion_control:/opt/ros/humble /usr/bin/cmake --install /home/jhsrobo/corews/build/core
